This is pdfTeX, Version 3.14159265-2.6-1.40.20 (TeX Live 2019) (preloaded format=pdflatex 2019.5.8)  12 SEP 2023 13:12
entering extended mode
 restricted \write18 enabled.
 %&-line parsing enabled.
**output.tex
(./output.tex
LaTeX2e <2018-12-01>
(/usr/local/texlive/2019/texmf-dist/tex/latex/base/article.cls
Document Class: article 2018/09/03 v1.4i Standard LaTeX document class
(/usr/local/texlive/2019/texmf-dist/tex/latex/base/size12.clo
File: size12.clo 2018/09/03 v1.4i Standard LaTeX file (size option)
)
\c@part=\count80
\c@section=\count81
\c@subsection=\count82
\c@subsubsection=\count83
\c@paragraph=\count84
\c@subparagraph=\count85
\c@figure=\count86
\c@table=\count87
\abovecaptionskip=\skip41
\belowcaptionskip=\skip42
\bibindent=\dimen102
)
(/usr/local/texlive/2019/texmf-dist/tex/latex/psnfss/mathpazo.sty
Package: mathpazo 2005/04/12 PSNFSS-v9.2a Palatino w/ Pazo Math (D.Puga, WaS) 
\symupright=\mathgroup4
)
(/usr/local/texlive/2019/texmf-dist/tex/latex/geometry/geometry.sty
Package: geometry 2018/04/16 v5.8 Page Geometry

(/usr/local/texlive/2019/texmf-dist/tex/latex/graphics/keyval.sty
Package: keyval 2014/10/28 v1.15 key=value parser (DPC)
\KV@toks@=\toks14
)
(/usr/local/texlive/2019/texmf-dist/tex/generic/oberdiek/ifpdf.sty
Package: ifpdf 2018/09/07 v3.3 Provides the ifpdf switch
)
(/usr/local/texlive/2019/texmf-dist/tex/generic/oberdiek/ifvtex.sty
Package: ifvtex 2016/05/16 v1.6 Detect VTeX and its facilities (HO)
Package ifvtex Info: VTeX not detected.
)
(/usr/local/texlive/2019/texmf-dist/tex/generic/ifxetex/ifxetex.sty
Package: ifxetex 2010/09/12 v0.6 Provides ifxetex conditional
)
\Gm@cnth=\count88
\Gm@cntv=\count89
\c@Gm@tempcnt=\count90
\Gm@bindingoffset=\dimen103
\Gm@wd@mp=\dimen104
\Gm@odd@mp=\dimen105
\Gm@even@mp=\dimen106
\Gm@layoutwidth=\dimen107
\Gm@layoutheight=\dimen108
\Gm@layouthoffset=\dimen109
\Gm@layoutvoffset=\dimen110
\Gm@dimlist=\toks15
)
(/usr/local/texlive/2019/texmf-dist/tex/latex/graphics/color.sty
Package: color 2016/07/10 v1.1e Standard LaTeX Color (DPC)

(/usr/local/texlive/2019/texmf-dist/tex/latex/graphics-cfg/color.cfg
File: color.cfg 2016/01/02 v1.6 sample color configuration
)
Package color Info: Driver file: pdftex.def on input line 147.

(/usr/local/texlive/2019/texmf-dist/tex/latex/graphics-def/pdftex.def
File: pdftex.def 2018/01/08 v1.0l Graphics/color driver for pdftex
))
(/usr/local/texlive/2019/texmf-dist/tex/latex/etoolbox/etoolbox.sty
Package: etoolbox 2018/08/19 v2.5f e-TeX tools for LaTeX (JAW)
\etb@tempcnta=\count91
)
(/usr/local/texlive/2019/texmf-dist/tex/generic/babel/babel.sty
Package: babel 2019/05/04 3.31 The Babel package

(/usr/local/texlive/2019/texmf-dist/tex/generic/babel/switch.def
File: switch.def 2019/05/04 3.31 Babel switching mechanism
)
(/usr/local/texlive/2019/texmf-dist/tex/generic/babel-english/english.ldf
Language: english 2017/06/06 v3.3r English support from the babel system

(/usr/local/texlive/2019/texmf-dist/tex/generic/babel/babel.def
File: babel.def 2019/05/04 3.31 Babel common definitions
\babel@savecnt=\count92
\U@D=\dimen111

(/usr/local/texlive/2019/texmf-dist/tex/generic/babel/txtbabel.def)
\bbl@dirlevel=\count93
)
\l@canadian = a dialect from \language\l@american 
\l@australian = a dialect from \language\l@british 
\l@newzealand = a dialect from \language\l@british 
)
(/usr/local/texlive/2019/texmf-dist/tex/generic/babel-english/american.ldf
Language: american 2017/06/06 v3.3r English support from the babel system

(/usr/local/texlive/2019/texmf-dist/tex/generic/babel-english/english.ldf
Language: english 2017/06/06 v3.3r English support from the babel system
)))

Package Babel Warning: The package option `english' should not be used
(Babel)                with a more specific one (like `american') on input line
 12.

(/usr/local/texlive/2019/texmf-dist/tex/latex/footmisc/footmisc.sty
Package: footmisc 2011/06/06 v5.5b a miscellany of footnote facilities
\FN@temptoken=\toks16
\footnotemargin=\dimen112
\c@pp@next@reset=\count94
Package footmisc Info: Declaring symbol style bringhurst on input line 855.
Package footmisc Info: Declaring symbol style chicago on input line 863.
Package footmisc Info: Declaring symbol style wiley on input line 872.
Package footmisc Info: Declaring symbol style lamport-robust on input line 883.

Package footmisc Info: Declaring symbol style lamport* on input line 903.
Package footmisc Info: Declaring symbol style lamport*-robust on input line 924
.
)
(/usr/local/texlive/2019/texmf-dist/tex/latex/float/float.sty
Package: float 2001/11/08 v1.3d Float enhancements (AL)
\c@float@type=\count95
\float@exts=\toks17
\float@box=\box27
\@float@everytoks=\toks18
\@floatcapt=\box28
)
(/usr/local/texlive/2019/texmf-dist/tex/latex/booktabs/booktabs.sty
Package: booktabs 2016/04/27 v1.618033 publication quality tables
\heavyrulewidth=\dimen113
\lightrulewidth=\dimen114
\cmidrulewidth=\dimen115
\belowrulesep=\dimen116
\belowbottomsep=\dimen117
\aboverulesep=\dimen118
\abovetopsep=\dimen119
\cmidrulesep=\dimen120
\cmidrulekern=\dimen121
\defaultaddspace=\dimen122
\@cmidla=\count96
\@cmidlb=\count97
\@aboverulesep=\dimen123
\@belowrulesep=\dimen124
\@thisruleclass=\count98
\@lastruleclass=\count99
\@thisrulewidth=\dimen125
)
\tablebox=\box29

(/usr/local/texlive/2019/texmf-dist/tex/latex/placeins/placeins.sty
Package: placeins 2005/04/18  v 2.2
)
(/usr/local/texlive/2019/texmf-dist/tex/latex/adjustbox/adjustbox.sty
Package: adjustbox 2019/01/04 v1.2 Adjusting TeX boxes (trim, clip, ...)

(/usr/local/texlive/2019/texmf-dist/tex/latex/xkeyval/xkeyval.sty
Package: xkeyval 2014/12/03 v2.7a package option processing (HA)

(/usr/local/texlive/2019/texmf-dist/tex/generic/xkeyval/xkeyval.tex
(/usr/local/texlive/2019/texmf-dist/tex/generic/xkeyval/xkvutils.tex
\XKV@toks=\toks19
\XKV@tempa@toks=\toks20
)
\XKV@depth=\count100
File: xkeyval.tex 2014/12/03 v2.7a key=value parser (HA)
))
(/usr/local/texlive/2019/texmf-dist/tex/latex/adjustbox/adjcalc.sty
Package: adjcalc 2012/05/16 v1.1 Provides advanced setlength with multiple back
-ends (calc, etex, pgfmath)
)
(/usr/local/texlive/2019/texmf-dist/tex/latex/adjustbox/trimclip.sty
Package: trimclip 2018/04/08 v1.1 Trim and clip general TeX material

(/usr/local/texlive/2019/texmf-dist/tex/latex/graphics/graphicx.sty
Package: graphicx 2017/06/01 v1.1a Enhanced LaTeX Graphics (DPC,SPQR)

(/usr/local/texlive/2019/texmf-dist/tex/latex/graphics/graphics.sty
Package: graphics 2017/06/25 v1.2c Standard LaTeX Graphics (DPC,SPQR)

(/usr/local/texlive/2019/texmf-dist/tex/latex/graphics/trig.sty
Package: trig 2016/01/03 v1.10 sin cos tan (DPC)
)
(/usr/local/texlive/2019/texmf-dist/tex/latex/graphics-cfg/graphics.cfg
File: graphics.cfg 2016/06/04 v1.11 sample graphics configuration
)
Package graphics Info: Driver file: pdftex.def on input line 99.
)
\Gin@req@height=\dimen126
\Gin@req@width=\dimen127
)
(/usr/local/texlive/2019/texmf-dist/tex/latex/collectbox/collectbox.sty
Package: collectbox 2012/05/17 v0.4b Collect macro arguments as boxes
\collectedbox=\box30
)
\tc@llx=\dimen128
\tc@lly=\dimen129
\tc@urx=\dimen130
\tc@ury=\dimen131
Package trimclip Info: Using driver 'tc-pdftex.def'.

(/usr/local/texlive/2019/texmf-dist/tex/latex/adjustbox/tc-pdftex.def
File: tc-pdftex.def 2019/01/04 v2.2 Clipping driver for pdftex
))
\adjbox@Width=\dimen132
\adjbox@Height=\dimen133
\adjbox@Depth=\dimen134
\adjbox@Totalheight=\dimen135
\adjbox@pwidth=\dimen136
\adjbox@pheight=\dimen137
\adjbox@pdepth=\dimen138
\adjbox@ptotalheight=\dimen139

(/usr/local/texlive/2019/texmf-dist/tex/latex/ifoddpage/ifoddpage.sty
Package: ifoddpage 2016/04/23 v1.1 Conditionals for odd/even page detection
\c@checkoddpage=\count101
)
(/usr/local/texlive/2019/texmf-dist/tex/latex/varwidth/varwidth.sty
Package: varwidth 2009/03/30 ver 0.92;  Variable-width minipages
\@vwid@box=\box31
\sift@deathcycles=\count102
\@vwid@loff=\dimen140
\@vwid@roff=\dimen141
))
(/usr/local/texlive/2019/texmf-dist/tex/latex/threeparttable/threeparttable.sty
Package: threeparttable 2003/06/13  v 3.0
\@tempboxb=\box32
) (/usr/local/texlive/2019/texmf-dist/tex/latex/csquotes/csquotes.sty
Package: csquotes 2018/04/13 v5.2d context-sensitive quotations (JAW)
\csq@reset=\count103
\csq@gtype=\count104
\csq@glevel=\count105
\csq@qlevel=\count106
\csq@maxlvl=\count107
\csq@tshold=\count108
\csq@ltx@everypar=\toks21

(/usr/local/texlive/2019/texmf-dist/tex/latex/csquotes/csquotes.def
File: csquotes.def 2018/04/13 v5.2d csquotes generic definitions (JAW)
)
Package csquotes Info: Trying to load configuration file 'csquotes.cfg'...
Package csquotes Info: ... configuration file loaded successfully.

(/usr/local/texlive/2019/texmf-dist/tex/latex/csquotes/csquotes.cfg
File: csquotes.cfg 
))
(/usr/local/texlive/2019/texmf-dist/tex/latex/titlesec/titletoc.sty
Package: titletoc 2011/12/15 v1.6 TOC entries
\ttl@leftsep=\dimen142
)
(/usr/local/texlive/2019/texmf-dist/tex/latex/psnfss/mathptmx.sty
Package: mathptmx 2005/04/12 PSNFSS-v9.2a Times w/ Math, improved (SPQR, WaS) 
LaTeX Font Info:    Redeclaring symbol font `operators' on input line 28.
LaTeX Font Info:    Overwriting symbol font `operators' in version `normal'
(Font)                  OT1/ppl/m/n --> OT1/ztmcm/m/n on input line 28.
LaTeX Font Info:    Overwriting symbol font `operators' in version `bold'
(Font)                  OT1/ppl/b/n --> OT1/ztmcm/m/n on input line 28.
LaTeX Font Info:    Redeclaring symbol font `letters' on input line 29.
LaTeX Font Info:    Overwriting symbol font `letters' in version `normal'
(Font)                  OML/zplm/m/it --> OML/ztmcm/m/it on input line 29.
LaTeX Font Info:    Overwriting symbol font `letters' in version `bold'
(Font)                  OML/zplm/b/it --> OML/ztmcm/m/it on input line 29.
LaTeX Font Info:    Redeclaring symbol font `symbols' on input line 30.
LaTeX Font Info:    Overwriting symbol font `symbols' in version `normal'
(Font)                  OMS/zplm/m/n --> OMS/ztmcm/m/n on input line 30.
LaTeX Font Info:    Overwriting symbol font `symbols' in version `bold'
(Font)                  OMS/zplm/b/n --> OMS/ztmcm/m/n on input line 30.
LaTeX Font Info:    Redeclaring symbol font `largesymbols' on input line 31.
LaTeX Font Info:    Overwriting symbol font `largesymbols' in version `normal'
(Font)                  OMX/zplm/m/n --> OMX/ztmcm/m/n on input line 31.
LaTeX Font Info:    Overwriting symbol font `largesymbols' in version `bold'
(Font)                  OMX/zplm/m/n --> OMX/ztmcm/m/n on input line 31.
\symbold=\mathgroup5
\symitalic=\mathgroup6
LaTeX Font Info:    Redeclaring math alphabet \mathbf on input line 34.
LaTeX Font Info:    Overwriting math alphabet `\mathbf' in version `normal'
(Font)                  OT1/zplm/b/n --> OT1/ptm/bx/n on input line 34.
LaTeX Font Info:    Overwriting math alphabet `\mathbf' in version `bold'
(Font)                  OT1/zplm/b/n --> OT1/ptm/bx/n on input line 34.
LaTeX Font Info:    Redeclaring math alphabet \mathit on input line 35.
LaTeX Font Info:    Overwriting math alphabet `\mathit' in version `normal'
(Font)                  OT1/ppl/m/it --> OT1/ptm/m/it on input line 35.
LaTeX Font Info:    Overwriting math alphabet `\mathit' in version `bold'
(Font)                  OT1/ppl/b/it --> OT1/ptm/m/it on input line 35.
LaTeX Info: Redefining \hbar on input line 50.
LaTeX Font Info:    Redeclaring math symbol \upGamma on input line 93.
LaTeX Font Info:    Redeclaring math symbol \upDelta on input line 94.
LaTeX Font Info:    Redeclaring math symbol \upTheta on input line 95.
LaTeX Font Info:    Redeclaring math symbol \upLambda on input line 96.
LaTeX Font Info:    Redeclaring math symbol \upXi on input line 97.
LaTeX Font Info:    Redeclaring math symbol \upPi on input line 98.
LaTeX Font Info:    Redeclaring math symbol \upSigma on input line 99.
LaTeX Font Info:    Redeclaring math symbol \upUpsilon on input line 100.
LaTeX Font Info:    Redeclaring math symbol \upPhi on input line 101.
LaTeX Font Info:    Redeclaring math symbol \upPsi on input line 102.
LaTeX Font Info:    Redeclaring math symbol \upOmega on input line 103.
)
(/usr/local/texlive/2019/texmf-dist/tex/latex/tools/bm.sty
Package: bm 2017/01/16 v1.2c Bold Symbol Support (DPC/FMi)
\symboldupright=\mathgroup7
LaTeX Info: Redefining \bm on input line 207.
)
(/usr/local/texlive/2019/texmf-dist/tex/latex/setspace/setspace.sty
Package: setspace 2011/12/19 v6.7a set line spacing
)
(/usr/local/texlive/2019/texmf-dist/tex/latex/titlesec/titlesec.sty
Package: titlesec 2016/03/21 v2.10.2 Sectioning titles
\ttl@box=\box33
\beforetitleunit=\skip43
\aftertitleunit=\skip44
\ttl@plus=\dimen143
\ttl@minus=\dimen144
\ttl@toksa=\toks22
\titlewidth=\dimen145
\titlewidthlast=\dimen146
\titlewidthfirst=\dimen147
)
(/usr/local/texlive/2019/texmf-dist/tex/latex/hyperref/hyperref.sty
Package: hyperref 2018/11/30 v6.88e Hypertext links for LaTeX

(/usr/local/texlive/2019/texmf-dist/tex/generic/oberdiek/hobsub-hyperref.sty
Package: hobsub-hyperref 2016/05/16 v1.14 Bundle oberdiek, subset hyperref (HO)


(/usr/local/texlive/2019/texmf-dist/tex/generic/oberdiek/hobsub-generic.sty
Package: hobsub-generic 2016/05/16 v1.14 Bundle oberdiek, subset generic (HO)
Package: hobsub 2016/05/16 v1.14 Construct package bundles (HO)
Package: infwarerr 2016/05/16 v1.4 Providing info/warning/error messages (HO)
Package: ltxcmds 2016/05/16 v1.23 LaTeX kernel commands for general use (HO)
Package: ifluatex 2016/05/16 v1.4 Provides the ifluatex switch (HO)
Package ifluatex Info: LuaTeX not detected.
Package hobsub Info: Skipping package `ifvtex' (already loaded).
Package: intcalc 2016/05/16 v1.2 Expandable calculations with integers (HO)
Package hobsub Info: Skipping package `ifpdf' (already loaded).
Package: etexcmds 2016/05/16 v1.6 Avoid name clashes with e-TeX commands (HO)
Package: kvsetkeys 2016/05/16 v1.17 Key value parser (HO)
Package: kvdefinekeys 2016/05/16 v1.4 Define keys (HO)
Package: pdftexcmds 2018/09/10 v0.29 Utility functions of pdfTeX for LuaTeX (HO
)
Package pdftexcmds Info: LuaTeX not detected.
Package pdftexcmds Info: \pdf@primitive is available.
Package pdftexcmds Info: \pdf@ifprimitive is available.
Package pdftexcmds Info: \pdfdraftmode found.
Package: pdfescape 2016/05/16 v1.14 Implements pdfTeX's escape features (HO)
Package: bigintcalc 2016/05/16 v1.4 Expandable calculations on big integers (HO
)
Package: bitset 2016/05/16 v1.2 Handle bit-vector datatype (HO)
Package: uniquecounter 2016/05/16 v1.3 Provide unlimited unique counter (HO)
)
Package hobsub Info: Skipping package `hobsub' (already loaded).
Package: letltxmacro 2016/05/16 v1.5 Let assignment for LaTeX macros (HO)
Package: hopatch 2016/05/16 v1.3 Wrapper for package hooks (HO)
Package: xcolor-patch 2016/05/16 xcolor patch
Package: atveryend 2016/05/16 v1.9 Hooks at the very end of document (HO)
Package: atbegshi 2016/06/09 v1.18 At begin shipout hook (HO)
Package: refcount 2016/05/16 v3.5 Data extraction from label references (HO)
Package: hycolor 2016/05/16 v1.8 Color options for hyperref/bookmark (HO)
)
(/usr/local/texlive/2019/texmf-dist/tex/latex/oberdiek/auxhook.sty
Package: auxhook 2016/05/16 v1.4 Hooks for auxiliary files (HO)
)
(/usr/local/texlive/2019/texmf-dist/tex/latex/oberdiek/kvoptions.sty
Package: kvoptions 2016/05/16 v3.12 Key value format for package options (HO)
)
\@linkdim=\dimen148
\Hy@linkcounter=\count109
\Hy@pagecounter=\count110

(/usr/local/texlive/2019/texmf-dist/tex/latex/hyperref/pd1enc.def
File: pd1enc.def 2018/11/30 v6.88e Hyperref: PDFDocEncoding definition (HO)
Now handling font encoding PD1 ...
... no UTF-8 mapping file for font encoding PD1
)
\Hy@SavedSpaceFactor=\count111

(/usr/local/texlive/2019/texmf-dist/tex/latex/latexconfig/hyperref.cfg
File: hyperref.cfg 2002/06/06 v1.2 hyperref configuration of TeXLive
)
Package hyperref Info: Option `unicode' set `true' on input line 4393.

(/usr/local/texlive/2019/texmf-dist/tex/latex/hyperref/puenc.def
File: puenc.def 2018/11/30 v6.88e Hyperref: PDF Unicode definition (HO)
Now handling font encoding PU ...
... no UTF-8 mapping file for font encoding PU
)
Package hyperref Info: Option `bookmarks' set `true' on input line 4393.
Package hyperref Info: Option `bookmarksnumbered' set `false' on input line 439
3.
Package hyperref Info: Option `bookmarksopen' set `false' on input line 4393.
Package hyperref Info: Option `breaklinks' set `false' on input line 4393.
Package hyperref Info: Option `colorlinks' set `true' on input line 4393.
Package hyperref Info: Hyper figures OFF on input line 4519.
Package hyperref Info: Link nesting OFF on input line 4524.
Package hyperref Info: Hyper index ON on input line 4527.
Package hyperref Info: Plain pages OFF on input line 4534.
Package hyperref Info: Backreferencing OFF on input line 4539.
Package hyperref Info: Implicit mode ON; LaTeX internals redefined.
Package hyperref Info: Bookmarks ON on input line 4772.
\c@Hy@tempcnt=\count112

(/usr/local/texlive/2019/texmf-dist/tex/latex/url/url.sty
\Urlmuskip=\muskip10
Package: url 2013/09/16  ver 3.4  Verb mode for urls, etc.
)
LaTeX Info: Redefining \url on input line 5125.
\XeTeXLinkMargin=\dimen149
\Fld@menulength=\count113
\Field@Width=\dimen150
\Fld@charsize=\dimen151
Package hyperref Info: Hyper figures OFF on input line 6380.
Package hyperref Info: Link nesting OFF on input line 6385.
Package hyperref Info: Hyper index ON on input line 6388.
Package hyperref Info: backreferencing OFF on input line 6395.
Package hyperref Info: Link coloring ON on input line 6398.
Package hyperref Info: Link coloring with OCG OFF on input line 6405.
Package hyperref Info: PDF/A mode OFF on input line 6410.
LaTeX Info: Redefining \ref on input line 6450.
LaTeX Info: Redefining \pageref on input line 6454.
\Hy@abspage=\count114
\c@Item=\count115
\c@Hfootnote=\count116
)
Package hyperref Info: Driver (autodetected): hpdftex.

(/usr/local/texlive/2019/texmf-dist/tex/latex/hyperref/hpdftex.def
File: hpdftex.def 2018/11/30 v6.88e Hyperref driver for pdfTeX
\Fld@listcount=\count117
\c@bookmark@seq@number=\count118

(/usr/local/texlive/2019/texmf-dist/tex/latex/oberdiek/rerunfilecheck.sty
Package: rerunfilecheck 2016/05/16 v1.8 Rerun checks for auxiliary files (HO)
Package uniquecounter Info: New unique counter `rerunfilecheck' on input line 2
82.
)
\Hy@SectionHShift=\skip45
)
(/usr/local/texlive/2019/texmf-dist/tex/latex/breakurl/breakurl.sty
Package: breakurl 2013/04/10 v1.40 Breakable hyperref URLs


Package breakurl Warning: You are using breakurl while processing via pdflatex.

(breakurl)                \burl will be just a synonym of \url.
(breakurl)                 on input line 48.

) (/usr/local/texlive/2019/texmf-dist/tex/latex/scalerel/scalerel.sty
Package: scalerel 2016/12/29 v1.8 Routines for constrained scaling and stretchi
ng of objects, relative to a reference object or in absolute terms

(/usr/local/texlive/2019/texmf-dist/tex/latex/tools/calc.sty
Package: calc 2017/05/25 v4.3 Infix arithmetic (KKT,FJ)
\calc@Acount=\count119
\calc@Bcount=\count120
\calc@Adimen=\dimen152
\calc@Bdimen=\dimen153
\calc@Askip=\skip46
\calc@Bskip=\skip47
LaTeX Info: Redefining \setlength on input line 80.
LaTeX Info: Redefining \addtolength on input line 81.
\calc@Ccount=\count121
\calc@Cskip=\skip48
)
\thesrwidth=\skip49
\thesrheight=\skip50
\srblobheight=\skip51
\srblobdepth=\skip52
\mnxsrwidth=\skip53
\LMex=\skip54
\LMpt=\skip55
)
(/usr/local/texlive/2019/texmf-dist/tex/latex/stackengine/stackengine.sty
Package: stackengine 2017/02/13 v4.01\ Stacking text and objects in convenient 
ways

(/usr/local/texlive/2019/texmf-dist/tex/generic/listofitems/listofitems.sty
(/usr/local/texlive/2019/texmf-dist/tex/generic/listofitems/listofitems.tex
\loi_cnt_foreach_nest=\count122
\loi_nestcnt=\count123
)
Package: listofitems 2019/03/03 v1.61 Grab items in lists using user-specified 
sep char (CT)
)
\c@@stackindex=\count124
\@boxshift=\skip56
\stack@tmplength=\skip57
\temp@stkl=\skip58
\@stackedboxwidth=\skip59
\@addedbox=\box34
\@anchorbox=\box35
\stackedbox=\box36
\@centerbox=\box37
\c@ROWcellindex@=\count125
)
(/usr/local/texlive/2019/texmf-dist/tex/latex/csvsimple/csvsimple.sty
Package: csvsimple 2019/04/09 version 1.21 LaTeX CSV file processing

(/usr/local/texlive/2019/texmf-dist/tex/latex/pgf/utilities/pgfrcs.sty
(/usr/local/texlive/2019/texmf-dist/tex/generic/pgf/utilities/pgfutil-common.te
x
\pgfutil@everybye=\toks23
\pgfutil@tempdima=\dimen154
\pgfutil@tempdimb=\dimen155

(/usr/local/texlive/2019/texmf-dist/tex/generic/pgf/utilities/pgfutil-common-li
sts.tex))
(/usr/local/texlive/2019/texmf-dist/tex/generic/pgf/utilities/pgfutil-latex.def
\pgfutil@abb=\box38
(/usr/local/texlive/2019/texmf-dist/tex/latex/ms/everyshi.sty
Package: everyshi 2001/05/15 v3.00 EveryShipout Package (MS)
))
(/usr/local/texlive/2019/texmf-dist/tex/generic/pgf/utilities/pgfrcs.code.tex
(/usr/local/texlive/2019/texmf-dist/tex/generic/pgf/pgf.revision.tex)
Package: pgfrcs 2019/04/04 v3.1.2 (3.1.2)
))
(/usr/local/texlive/2019/texmf-dist/tex/latex/pgf/utilities/pgfkeys.sty
(/usr/local/texlive/2019/texmf-dist/tex/generic/pgf/utilities/pgfkeys.code.tex
\pgfkeys@pathtoks=\toks24
\pgfkeys@temptoks=\toks25

(/usr/local/texlive/2019/texmf-dist/tex/generic/pgf/utilities/pgfkeysfiltered.c
ode.tex
\pgfkeys@tmptoks=\toks26
))) (/usr/local/texlive/2019/texmf-dist/tex/latex/base/ifthen.sty
Package: ifthen 2014/09/29 v1.1c Standard LaTeX ifthen package (DPC)
)
(/usr/local/texlive/2019/texmf-dist/tex/latex/tools/shellesc.sty
Package: shellesc 2016/06/07 v0.02a unified shell escape interface for LaTeX
Package shellesc Info: Restricted shell escape enabled on input line 69.
)
\csv@file=\read1
\c@csvinputline=\count126
\c@csvrow=\count127
\c@csvcol=\count128
\csv@out=\write3
)
(/usr/local/texlive/2019/texmf-dist/tex/latex/multirow/multirow.sty
Package: multirow 2019/01/01 v2.4 Span multiple rows of a table
\multirow@colwidth=\skip60
\multirow@cntb=\count129
\multirow@dima=\skip61
\bigstrutjot=\dimen156
)
(/usr/local/texlive/2019/texmf-dist/tex/latex/pgf/frontendlayer/tikz.sty
(/usr/local/texlive/2019/texmf-dist/tex/latex/pgf/basiclayer/pgf.sty
Package: pgf 2019/04/04 v3.1.2 (3.1.2)

(/usr/local/texlive/2019/texmf-dist/tex/latex/pgf/basiclayer/pgfcore.sty
(/usr/local/texlive/2019/texmf-dist/tex/latex/pgf/systemlayer/pgfsys.sty
(/usr/local/texlive/2019/texmf-dist/tex/generic/pgf/systemlayer/pgfsys.code.tex
Package: pgfsys 2019/04/04 v3.1.2 (3.1.2)
(/usr/local/texlive/2019/texmf-dist/tex/generic/pgf/utilities/pgfkeys.code.tex)
\pgf@x=\dimen157
\pgf@y=\dimen158
\pgf@xa=\dimen159
\pgf@ya=\dimen160
\pgf@xb=\dimen161
\pgf@yb=\dimen162
\pgf@xc=\dimen163
\pgf@yc=\dimen164
\w@pgf@writea=\write4
\r@pgf@reada=\read2
\c@pgf@counta=\count130
\c@pgf@countb=\count131
\c@pgf@countc=\count132
\c@pgf@countd=\count133
\t@pgf@toka=\toks27
\t@pgf@tokb=\toks28
\t@pgf@tokc=\toks29
\pgf@sys@id@count=\count134
(/usr/local/texlive/2019/texmf-dist/tex/generic/pgf/systemlayer/pgf.cfg
File: pgf.cfg 2019/04/04 v3.1.2 (3.1.2)
)
Driver file for pgf: pgfsys-pdftex.def

(/usr/local/texlive/2019/texmf-dist/tex/generic/pgf/systemlayer/pgfsys-pdftex.d
ef
File: pgfsys-pdftex.def 2019/04/04 v3.1.2 (3.1.2)

(/usr/local/texlive/2019/texmf-dist/tex/generic/pgf/systemlayer/pgfsys-common-p
df.def
File: pgfsys-common-pdf.def 2019/04/04 v3.1.2 (3.1.2)
)))
(/usr/local/texlive/2019/texmf-dist/tex/generic/pgf/systemlayer/pgfsyssoftpath.
code.tex
File: pgfsyssoftpath.code.tex 2019/04/04 v3.1.2 (3.1.2)
\pgfsyssoftpath@smallbuffer@items=\count135
\pgfsyssoftpath@bigbuffer@items=\count136
)
(/usr/local/texlive/2019/texmf-dist/tex/generic/pgf/systemlayer/pgfsysprotocol.
code.tex
File: pgfsysprotocol.code.tex 2019/04/04 v3.1.2 (3.1.2)
)) (/usr/local/texlive/2019/texmf-dist/tex/latex/xcolor/xcolor.sty
Package: xcolor 2016/05/11 v2.12 LaTeX color extensions (UK)

(/usr/local/texlive/2019/texmf-dist/tex/latex/graphics-cfg/color.cfg
File: color.cfg 2016/01/02 v1.6 sample color configuration
)
Package xcolor Info: Driver file: pdftex.def on input line 225.
LaTeX Info: Redefining \color on input line 709.
Package xcolor Info: Model `cmy' substituted by `cmy0' on input line 1348.
Package xcolor Info: Model `hsb' substituted by `rgb' on input line 1352.
Package xcolor Info: Model `RGB' extended on input line 1364.
Package xcolor Info: Model `HTML' substituted by `rgb' on input line 1366.
Package xcolor Info: Model `Hsb' substituted by `hsb' on input line 1367.
Package xcolor Info: Model `tHsb' substituted by `hsb' on input line 1368.
Package xcolor Info: Model `HSB' substituted by `hsb' on input line 1369.
Package xcolor Info: Model `Gray' substituted by `gray' on input line 1370.
Package xcolor Info: Model `wave' substituted by `hsb' on input line 1371.
)
(/usr/local/texlive/2019/texmf-dist/tex/generic/pgf/basiclayer/pgfcore.code.tex
Package: pgfcore 2019/04/04 v3.1.2 (3.1.2)
(/usr/local/texlive/2019/texmf-dist/tex/generic/pgf/math/pgfmath.code.tex
(/usr/local/texlive/2019/texmf-dist/tex/generic/pgf/math/pgfmathcalc.code.tex
(/usr/local/texlive/2019/texmf-dist/tex/generic/pgf/math/pgfmathutil.code.tex)
(/usr/local/texlive/2019/texmf-dist/tex/generic/pgf/math/pgfmathparser.code.tex
\pgfmath@dimen=\dimen165
\pgfmath@count=\count137
\pgfmath@box=\box39
\pgfmath@toks=\toks30
\pgfmath@stack@operand=\toks31
\pgfmath@stack@operation=\toks32
)
(/usr/local/texlive/2019/texmf-dist/tex/generic/pgf/math/pgfmathfunctions.code.
tex
(/usr/local/texlive/2019/texmf-dist/tex/generic/pgf/math/pgfmathfunctions.basic
.code.tex)
(/usr/local/texlive/2019/texmf-dist/tex/generic/pgf/math/pgfmathfunctions.trigo
nometric.code.tex)
(/usr/local/texlive/2019/texmf-dist/tex/generic/pgf/math/pgfmathfunctions.rando
m.code.tex)
(/usr/local/texlive/2019/texmf-dist/tex/generic/pgf/math/pgfmathfunctions.compa
rison.code.tex)
(/usr/local/texlive/2019/texmf-dist/tex/generic/pgf/math/pgfmathfunctions.base.
code.tex)
(/usr/local/texlive/2019/texmf-dist/tex/generic/pgf/math/pgfmathfunctions.round
.code.tex)
(/usr/local/texlive/2019/texmf-dist/tex/generic/pgf/math/pgfmathfunctions.misc.
code.tex)
(/usr/local/texlive/2019/texmf-dist/tex/generic/pgf/math/pgfmathfunctions.integ
erarithmetics.code.tex)))
(/usr/local/texlive/2019/texmf-dist/tex/generic/pgf/math/pgfmathfloat.code.tex
\c@pgfmathroundto@lastzeros=\count138
))
(/usr/local/texlive/2019/texmf-dist/tex/generic/pgf/basiclayer/pgfcorepoints.co
de.tex
File: pgfcorepoints.code.tex 2019/04/04 v3.1.2 (3.1.2)
\pgf@picminx=\dimen166
\pgf@picmaxx=\dimen167
\pgf@picminy=\dimen168
\pgf@picmaxy=\dimen169
\pgf@pathminx=\dimen170
\pgf@pathmaxx=\dimen171
\pgf@pathminy=\dimen172
\pgf@pathmaxy=\dimen173
\pgf@xx=\dimen174
\pgf@xy=\dimen175
\pgf@yx=\dimen176
\pgf@yy=\dimen177
\pgf@zx=\dimen178
\pgf@zy=\dimen179
)
(/usr/local/texlive/2019/texmf-dist/tex/generic/pgf/basiclayer/pgfcorepathconst
ruct.code.tex
File: pgfcorepathconstruct.code.tex 2019/04/04 v3.1.2 (3.1.2)
\pgf@path@lastx=\dimen180
\pgf@path@lasty=\dimen181
)
(/usr/local/texlive/2019/texmf-dist/tex/generic/pgf/basiclayer/pgfcorepathusage
.code.tex
File: pgfcorepathusage.code.tex 2019/04/04 v3.1.2 (3.1.2)
\pgf@shorten@end@additional=\dimen182
\pgf@shorten@start@additional=\dimen183
)
(/usr/local/texlive/2019/texmf-dist/tex/generic/pgf/basiclayer/pgfcorescopes.co
de.tex
File: pgfcorescopes.code.tex 2019/04/04 v3.1.2 (3.1.2)
\pgfpic=\box40
\pgf@hbox=\box41
\pgf@layerbox@main=\box42
\pgf@picture@serial@count=\count139
)
(/usr/local/texlive/2019/texmf-dist/tex/generic/pgf/basiclayer/pgfcoregraphicst
ate.code.tex
File: pgfcoregraphicstate.code.tex 2019/04/04 v3.1.2 (3.1.2)
\pgflinewidth=\dimen184
)
(/usr/local/texlive/2019/texmf-dist/tex/generic/pgf/basiclayer/pgfcoretransform
ations.code.tex
File: pgfcoretransformations.code.tex 2019/04/04 v3.1.2 (3.1.2)
\pgf@pt@x=\dimen185
\pgf@pt@y=\dimen186
\pgf@pt@temp=\dimen187
)
(/usr/local/texlive/2019/texmf-dist/tex/generic/pgf/basiclayer/pgfcorequick.cod
e.tex
File: pgfcorequick.code.tex 2019/04/04 v3.1.2 (3.1.2)
)
(/usr/local/texlive/2019/texmf-dist/tex/generic/pgf/basiclayer/pgfcoreobjects.c
ode.tex
File: pgfcoreobjects.code.tex 2019/04/04 v3.1.2 (3.1.2)
)
(/usr/local/texlive/2019/texmf-dist/tex/generic/pgf/basiclayer/pgfcorepathproce
ssing.code.tex
File: pgfcorepathprocessing.code.tex 2019/04/04 v3.1.2 (3.1.2)
)
(/usr/local/texlive/2019/texmf-dist/tex/generic/pgf/basiclayer/pgfcorearrows.co
de.tex
File: pgfcorearrows.code.tex 2019/04/04 v3.1.2 (3.1.2)
\pgfarrowsep=\dimen188
)
(/usr/local/texlive/2019/texmf-dist/tex/generic/pgf/basiclayer/pgfcoreshade.cod
e.tex
File: pgfcoreshade.code.tex 2019/04/04 v3.1.2 (3.1.2)
\pgf@max=\dimen189
\pgf@sys@shading@range@num=\count140
\pgf@shadingcount=\count141
)
(/usr/local/texlive/2019/texmf-dist/tex/generic/pgf/basiclayer/pgfcoreimage.cod
e.tex
File: pgfcoreimage.code.tex 2019/04/04 v3.1.2 (3.1.2)

(/usr/local/texlive/2019/texmf-dist/tex/generic/pgf/basiclayer/pgfcoreexternal.
code.tex
File: pgfcoreexternal.code.tex 2019/04/04 v3.1.2 (3.1.2)
\pgfexternal@startupbox=\box43
))
(/usr/local/texlive/2019/texmf-dist/tex/generic/pgf/basiclayer/pgfcorelayers.co
de.tex
File: pgfcorelayers.code.tex 2019/04/04 v3.1.2 (3.1.2)
)
(/usr/local/texlive/2019/texmf-dist/tex/generic/pgf/basiclayer/pgfcoretranspare
ncy.code.tex
File: pgfcoretransparency.code.tex 2019/04/04 v3.1.2 (3.1.2)
)
(/usr/local/texlive/2019/texmf-dist/tex/generic/pgf/basiclayer/pgfcorepatterns.
code.tex
File: pgfcorepatterns.code.tex 2019/04/04 v3.1.2 (3.1.2)
)
(/usr/local/texlive/2019/texmf-dist/tex/generic/pgf/basiclayer/pgfcorerdf.code.
tex
File: pgfcorerdf.code.tex 2019/04/04 v3.1.2 (3.1.2)
)))
(/usr/local/texlive/2019/texmf-dist/tex/generic/pgf/modules/pgfmoduleshapes.cod
e.tex
File: pgfmoduleshapes.code.tex 2019/04/04 v3.1.2 (3.1.2)
\pgfnodeparttextbox=\box44
)
(/usr/local/texlive/2019/texmf-dist/tex/generic/pgf/modules/pgfmoduleplot.code.
tex
File: pgfmoduleplot.code.tex 2019/04/04 v3.1.2 (3.1.2)
)
(/usr/local/texlive/2019/texmf-dist/tex/latex/pgf/compatibility/pgfcomp-version
-0-65.sty
Package: pgfcomp-version-0-65 2019/04/04 v3.1.2 (3.1.2)
\pgf@nodesepstart=\dimen190
\pgf@nodesepend=\dimen191
)
(/usr/local/texlive/2019/texmf-dist/tex/latex/pgf/compatibility/pgfcomp-version
-1-18.sty
Package: pgfcomp-version-1-18 2019/04/04 v3.1.2 (3.1.2)
))
(/usr/local/texlive/2019/texmf-dist/tex/latex/pgf/utilities/pgffor.sty
(/usr/local/texlive/2019/texmf-dist/tex/latex/pgf/math/pgfmath.sty
(/usr/local/texlive/2019/texmf-dist/tex/generic/pgf/math/pgfmath.code.tex))
(/usr/local/texlive/2019/texmf-dist/tex/generic/pgf/utilities/pgffor.code.tex
Package: pgffor 2019/04/04 v3.1.2 (3.1.2)

(/usr/local/texlive/2019/texmf-dist/tex/generic/pgf/math/pgfmath.code.tex)
\pgffor@iter=\dimen192
\pgffor@skip=\dimen193
\pgffor@stack=\toks33
\pgffor@toks=\toks34
))
(/usr/local/texlive/2019/texmf-dist/tex/generic/pgf/frontendlayer/tikz/tikz.cod
e.tex
Package: tikz 2019/04/04 v3.1.2 (3.1.2)

(/usr/local/texlive/2019/texmf-dist/tex/generic/pgf/libraries/pgflibraryplothan
dlers.code.tex
File: pgflibraryplothandlers.code.tex 2019/04/04 v3.1.2 (3.1.2)
\pgf@plot@mark@count=\count142
\pgfplotmarksize=\dimen194
)
\tikz@lastx=\dimen195
\tikz@lasty=\dimen196
\tikz@lastxsaved=\dimen197
\tikz@lastysaved=\dimen198
\tikzleveldistance=\dimen199
\tikzsiblingdistance=\dimen256
\tikz@figbox=\box45
\tikz@figbox@bg=\box46
\tikz@tempbox=\box47
\tikz@tempbox@bg=\box48
\tikztreelevel=\count143
\tikznumberofchildren=\count144
\tikznumberofcurrentchild=\count145
\tikz@fig@count=\count146

(/usr/local/texlive/2019/texmf-dist/tex/generic/pgf/modules/pgfmodulematrix.cod
e.tex
File: pgfmodulematrix.code.tex 2019/04/04 v3.1.2 (3.1.2)
\pgfmatrixcurrentrow=\count147
\pgfmatrixcurrentcolumn=\count148
\pgf@matrix@numberofcolumns=\count149
)
\tikz@expandcount=\count150

(/usr/local/texlive/2019/texmf-dist/tex/generic/pgf/frontendlayer/tikz/librarie
s/tikzlibrarytopaths.code.tex
File: tikzlibrarytopaths.code.tex 2019/04/04 v3.1.2 (3.1.2)
)))
(/usr/local/texlive/2019/texmf-dist/tex/generic/pgf/frontendlayer/tikz/librarie
s/tikzlibrarypositioning.code.tex
File: tikzlibrarypositioning.code.tex 2019/04/04 v3.1.2 (3.1.2)
)
(/usr/local/texlive/2019/texmf-dist/tex/generic/pgf/frontendlayer/tikz/librarie
s/tikzlibrarypatterns.code.tex
File: tikzlibrarypatterns.code.tex 2019/04/04 v3.1.2 (3.1.2)

(/usr/local/texlive/2019/texmf-dist/tex/generic/pgf/libraries/pgflibrarypattern
s.code.tex
File: pgflibrarypatterns.code.tex 2019/04/04 v3.1.2 (3.1.2)
))
(/usr/local/texlive/2019/texmf-dist/tex/generic/pgf/frontendlayer/tikz/librarie
s/tikzlibrarydecorations.pathreplacing.code.tex
(/usr/local/texlive/2019/texmf-dist/tex/generic/pgf/frontendlayer/tikz/librarie
s/tikzlibrarydecorations.code.tex
(/usr/local/texlive/2019/texmf-dist/tex/generic/pgf/modules/pgfmoduledecoration
s.code.tex
\pgfdecoratedcompleteddistance=\dimen257
\pgfdecoratedremainingdistance=\dimen258
\pgfdecoratedinputsegmentcompleteddistance=\dimen259
\pgfdecoratedinputsegmentremainingdistance=\dimen260
\pgf@decorate@distancetomove=\dimen261
\pgf@decorate@repeatstate=\count151
\pgfdecorationsegmentamplitude=\dimen262
\pgfdecorationsegmentlength=\dimen263
)
\tikz@lib@dec@box=\box49
)
(/usr/local/texlive/2019/texmf-dist/tex/generic/pgf/libraries/decorations/pgfli
brarydecorations.pathreplacing.code.tex))
(/usr/local/texlive/2019/texmf-dist/tex/latex/caption/caption.sty
Package: caption 2018/10/06 v3.3-154 Customizing captions (AR)

(/usr/local/texlive/2019/texmf-dist/tex/latex/caption/caption3.sty
Package: caption3 2018/09/12 v1.8c caption3 kernel (AR)
Package caption3 Info: TeX engine: e-TeX on input line 64.
\captionmargin=\dimen264
\captionmargin@=\dimen265
\captionwidth=\dimen266
\caption@tempdima=\dimen267
\caption@indent=\dimen268
\caption@parindent=\dimen269
\caption@hangindent=\dimen270
)
\c@caption@flags=\count152
\c@ContinuedFloat=\count153
Package caption Info: float package is loaded.
Package caption Info: hyperref package is loaded.
Package caption Info: threeparttable package is loaded.
)
(/usr/local/texlive/2019/texmf-dist/tex/generic/pgf/frontendlayer/tikz/librarie
s/tikzlibraryarrows.code.tex
File: tikzlibraryarrows.code.tex 2019/04/04 v3.1.2 (3.1.2)

(/usr/local/texlive/2019/texmf-dist/tex/generic/pgf/libraries/pgflibraryarrows.
code.tex
File: pgflibraryarrows.code.tex 2019/04/04 v3.1.2 (3.1.2)
\arrowsize=\dimen271
)) (/usr/local/texlive/2019/texmf-dist/tex/latex/graphics/rotating.sty
Package: rotating 2016/08/11 v2.16d rotated objects in LaTeX
\c@r@tfl@t=\count154
\rotFPtop=\skip62
\rotFPbot=\skip63
\rot@float@box=\box50
\rot@mess@toks=\toks35
) (/usr/local/texlive/2019/texmf-dist/tex/latex/oberdiek/pdflscape.sty
Package: pdflscape 2016/05/14 v0.11 Display of landscape pages in PDF (HO)

(/usr/local/texlive/2019/texmf-dist/tex/latex/graphics/lscape.sty
Package: lscape 2000/10/22 v3.01 Landscape Pages (DPC)
)
Package pdflscape Info: Auto-detected driver: pdftex on input line 81.
)
(/usr/local/texlive/2019/texmf-dist/tex/latex/makecell/makecell.sty
Package: makecell 2009/08/03 V0.1e Managing of Tab Column Heads and Cells

(/usr/local/texlive/2019/texmf-dist/tex/latex/tools/array.sty
Package: array 2018/12/30 v2.4k Tabular extension package (FMi)
\col@sep=\dimen272
\ar@mcellbox=\box51
\extrarowheight=\dimen273
\NC@list=\toks36
\extratabsurround=\skip64
\backup@length=\skip65
\ar@cellbox=\box52
)
\rotheadsize=\dimen274
\c@nlinenum=\count155
\TeXr@lab=\toks37
)
(/usr/local/texlive/2019/texmf-dist/tex/latex/tools/tabularx.sty
Package: tabularx 2016/02/03 v2.11b `tabularx' package (DPC)
\TX@col@width=\dimen275
\TX@old@table=\dimen276
\TX@old@col=\dimen277
\TX@target=\dimen278
\TX@delta=\dimen279
\TX@cols=\count156
\TX@ftn=\toks38
)
(/usr/local/texlive/2019/texmf-dist/tex/latex/natbib/natbib.sty
Package: natbib 2010/09/13 8.31b (PWD, AO)
\bibhang=\skip66
\bibsep=\skip67
LaTeX Info: Redefining \cite on input line 694.
\c@NAT@ctr=\count157
)
(/usr/local/texlive/2019/texmf-dist/tex/latex/amsmath/amsmath.sty
Package: amsmath 2018/12/01 v2.17b AMS math features
\@mathmargin=\skip68

For additional information on amsmath, use the `?' option.
(/usr/local/texlive/2019/texmf-dist/tex/latex/amsmath/amstext.sty
Package: amstext 2000/06/29 v2.01 AMS text

(/usr/local/texlive/2019/texmf-dist/tex/latex/amsmath/amsgen.sty
File: amsgen.sty 1999/11/30 v2.0 generic functions
\@emptytoks=\toks39
\ex@=\dimen280
))
(/usr/local/texlive/2019/texmf-dist/tex/latex/amsmath/amsbsy.sty
Package: amsbsy 1999/11/29 v1.2d Bold Symbols
LaTeX Info: Redefining \boldsymbol on input line 28.
\pmbraise@=\dimen281
)
(/usr/local/texlive/2019/texmf-dist/tex/latex/amsmath/amsopn.sty
Package: amsopn 2016/03/08 v2.02 operator names
)
\inf@bad=\count158
LaTeX Info: Redefining \frac on input line 223.
\uproot@=\count159
\leftroot@=\count160
LaTeX Info: Redefining \overline on input line 385.
\classnum@=\count161
\DOTSCASE@=\count162
LaTeX Info: Redefining \ldots on input line 482.
LaTeX Info: Redefining \dots on input line 485.
LaTeX Info: Redefining \cdots on input line 606.
\Mathstrutbox@=\box53
\strutbox@=\box54
\big@size=\dimen282
LaTeX Font Info:    Redeclaring font encoding OML on input line 729.
LaTeX Font Info:    Redeclaring font encoding OMS on input line 730.
\macc@depth=\count163
\c@MaxMatrixCols=\count164
\dotsspace@=\muskip11
\c@parentequation=\count165
\dspbrk@lvl=\count166
\tag@help=\toks40
\row@=\count167
\column@=\count168
\maxfields@=\count169
\andhelp@=\toks41
\eqnshift@=\dimen283
\alignsep@=\dimen284
\tagshift@=\dimen285
\tagwidth@=\dimen286
\totwidth@=\dimen287
\lineht@=\dimen288
\@envbody=\toks42
\multlinegap=\skip69
\multlinetaggap=\skip70
\mathdisplay@stack=\toks43
LaTeX Info: Redefining \[ on input line 2844.
LaTeX Info: Redefining \] on input line 2845.
)
LaTeX Font Info:    Redeclaring symbol font `operators' on input line 77.
LaTeX Font Info:    Overwriting symbol font `operators' in version `normal'
(Font)                  OT1/ztmcm/m/n --> OT1/lmr/m/n on input line 77.
LaTeX Font Info:    Overwriting symbol font `operators' in version `bold'
(Font)                  OT1/ztmcm/m/n --> OT1/lmr/m/n on input line 77.
LaTeX Font Info:    Redeclaring symbol font `letters' on input line 78.
LaTeX Font Info:    Overwriting symbol font `letters' in version `normal'
(Font)                  OML/ztmcm/m/it --> OML/cmm/m/it on input line 78.
LaTeX Font Info:    Overwriting symbol font `letters' in version `bold'
(Font)                  OML/ztmcm/m/it --> OML/cmm/m/it on input line 78.
LaTeX Font Info:    Redeclaring symbol font `symbols' on input line 79.
LaTeX Font Info:    Overwriting symbol font `symbols' in version `normal'
(Font)                  OMS/ztmcm/m/n --> OMS/cmsy/m/n on input line 79.
LaTeX Font Info:    Overwriting symbol font `symbols' in version `bold'
(Font)                  OMS/ztmcm/m/n --> OMS/cmsy/m/n on input line 79.
LaTeX Font Info:    Overwriting symbol font `operators' in version `bold'
(Font)                  OT1/lmr/m/n --> OT1/cmr/b/n on input line 80.
LaTeX Font Info:    Overwriting symbol font `letters' in version `bold'
(Font)                  OML/cmm/m/it --> OML/cmm/b/it on input line 81.
LaTeX Font Info:    Overwriting symbol font `symbols' in version `bold'
(Font)                  OMS/cmsy/m/n --> OMS/cmsy/b/n on input line 82.

(/usr/local/texlive/2019/texmf-dist/tex/latex/tools/multicol.sty
Package: multicol 2018/12/27 v1.8v multicolumn formatting (FMi)
\c@tracingmulticols=\count170
\mult@box=\box55
\multicol@leftmargin=\dimen289
\c@unbalance=\count171
\c@collectmore=\count172
\doublecol@number=\count173
\multicoltolerance=\count174
\multicolpretolerance=\count175
\full@width=\dimen290
\page@free=\dimen291
\premulticols=\dimen292
\postmulticols=\dimen293
\multicolsep=\skip71
\multicolbaselineskip=\skip72
\partial@page=\box56
\last@line=\box57
\maxbalancingoverflow=\dimen294
\mult@rightbox=\box58
\mult@grightbox=\box59
\mult@gfirstbox=\box60
\mult@firstbox=\box61
\@tempa=\box62
\@tempa=\box63
\@tempa=\box64
\@tempa=\box65
\@tempa=\box66
\@tempa=\box67
\@tempa=\box68
\@tempa=\box69
\@tempa=\box70
\@tempa=\box71
\@tempa=\box72
\@tempa=\box73
\@tempa=\box74
\@tempa=\box75
\@tempa=\box76
\@tempa=\box77
\@tempa=\box78
\c@columnbadness=\count176
\c@finalcolumnbadness=\count177
\last@try=\dimen295
\multicolovershoot=\dimen296
\multicolundershoot=\dimen297
\mult@nat@firstbox=\box79
\colbreak@box=\box80
\mc@col@check@num=\count178
)
(/usr/local/texlive/2019/texmf-dist/tex/latex/relsize/relsize.sty
Package: relsize 2013/03/29 ver 4.1
)
(/usr/local/texlive/2019/texmf-dist/tex/latex/pgfplots/pgfplots.sty
(/usr/local/texlive/2019/texmf-dist/tex/generic/pgfplots/pgfplots.revision.tex)
Package: pgfplots 2018/03/28 v1.16 Data Visualization (1.16)
(/usr/local/texlive/2019/texmf-dist/tex/generic/pgfplots/pgfplots.code.tex
(/usr/local/texlive/2019/texmf-dist/tex/generic/pgfplots/pgfplotscore.code.tex
\t@pgfplots@toka=\toks44
\t@pgfplots@tokb=\toks45
\t@pgfplots@tokc=\toks46
\pgfplots@tmpa=\dimen298
\c@pgfplots@coordindex=\count179
\c@pgfplots@scanlineindex=\count180

(/usr/local/texlive/2019/texmf-dist/tex/generic/pgfplots/sys/pgfplotssysgeneric
.code.tex))
(/usr/local/texlive/2019/texmf-dist/tex/generic/pgfplots/libs/pgfplotslibrary.c
ode.tex)
(/usr/local/texlive/2019/texmf-dist/tex/generic/pgfplots/oldpgfcompatib/pgfplot
soldpgfsupp_loader.code.tex
(/usr/local/texlive/2019/texmf-dist/tex/generic/pgf/libraries/pgflibraryfpu.cod
e.tex)
Package pgfplots: loading complementary arithmetics for your pgf version...

(/usr/local/texlive/2019/texmf-dist/tex/generic/pgfplots/oldpgfcompatib/pgfplot
soldpgfsupp_pgflibraryfpu.code.tex)
(/usr/local/texlive/2019/texmf-dist/tex/generic/pgfplots/oldpgfcompatib/pgfplot
soldpgfsupp_pgfmathfloat.code.tex
\c@pgfmathroundto@lastzeros=\count181
))
(/usr/local/texlive/2019/texmf-dist/tex/generic/pgfplots/util/pgfplotsutil.code
.tex
(/usr/local/texlive/2019/texmf-dist/tex/generic/pgfplots/liststructure/pgfplots
liststructure.code.tex)
(/usr/local/texlive/2019/texmf-dist/tex/generic/pgfplots/liststructure/pgfplots
liststructureext.code.tex)
(/usr/local/texlive/2019/texmf-dist/tex/generic/pgfplots/liststructure/pgfplots
array.code.tex
\c@pgfplotsarray@tmp=\count182
)
(/usr/local/texlive/2019/texmf-dist/tex/generic/pgfplots/liststructure/pgfplots
matrix.code.tex)
(/usr/local/texlive/2019/texmf-dist/tex/generic/pgfplots/numtable/pgfplotstable
shared.code.tex
\c@pgfplotstable@counta=\count183
\t@pgfplotstable@a=\toks47
)
(/usr/local/texlive/2019/texmf-dist/tex/generic/pgfplots/liststructure/pgfplots
deque.code.tex)
(/usr/local/texlive/2019/texmf-dist/tex/generic/pgfplots/util/pgfplotsbinary.co
de.tex
(/usr/local/texlive/2019/texmf-dist/tex/generic/pgfplots/util/pgfplotsbinary.da
ta.code.tex))
(/usr/local/texlive/2019/texmf-dist/tex/generic/pgfplots/util/pgfplotsutil.verb
.code.tex)
(/usr/local/texlive/2019/texmf-dist/tex/generic/pgfplots/libs/pgflibrarypgfplot
s.surfshading.code.tex
\c@pgfplotslibrarysurf@no=\count184

(/usr/local/texlive/2019/texmf-dist/tex/generic/pgfplots/sys/pgflibrarypgfplots
.surfshading.pgfsys-pdftex.def)))
(/usr/local/texlive/2019/texmf-dist/tex/generic/pgfplots/util/pgfplotscolormap.
code.tex
(/usr/local/texlive/2019/texmf-dist/tex/generic/pgfplots/util/pgfplotscolor.cod
e.tex))
(/usr/local/texlive/2019/texmf-dist/tex/generic/pgfplots/pgfplotsstackedplots.c
ode.tex)
(/usr/local/texlive/2019/texmf-dist/tex/generic/pgfplots/pgfplotsplothandlers.c
ode.tex
(/usr/local/texlive/2019/texmf-dist/tex/generic/pgfplots/pgfplotsmeshplothandle
r.code.tex
(/usr/local/texlive/2019/texmf-dist/tex/generic/pgfplots/pgfplotsmeshplotimage.
code.tex)))
(/usr/local/texlive/2019/texmf-dist/tex/generic/pgfplots/pgfplots.scaling.code.
tex)
(/usr/local/texlive/2019/texmf-dist/tex/generic/pgfplots/pgfplotscoordprocessin
g.code.tex)
(/usr/local/texlive/2019/texmf-dist/tex/generic/pgfplots/pgfplots.errorbars.cod
e.tex)
(/usr/local/texlive/2019/texmf-dist/tex/generic/pgfplots/pgfplots.markers.code.
tex)
(/usr/local/texlive/2019/texmf-dist/tex/generic/pgfplots/pgfplotsticks.code.tex
)
(/usr/local/texlive/2019/texmf-dist/tex/generic/pgfplots/pgfplots.paths.code.te
x)
(/usr/local/texlive/2019/texmf-dist/tex/generic/pgf/frontendlayer/tikz/librarie
s/tikzlibrarydecorations.pathmorphing.code.tex
(/usr/local/texlive/2019/texmf-dist/tex/generic/pgf/libraries/decorations/pgfli
brarydecorations.pathmorphing.code.tex))
\pgfplots@numplots=\count185
\pgfplots@xmin@reg=\dimen299
\pgfplots@xmax@reg=\dimen300
\pgfplots@ymin@reg=\dimen301
\pgfplots@ymax@reg=\dimen302
\pgfplots@zmin@reg=\dimen303
\pgfplots@zmax@reg=\dimen304
)
(/usr/local/texlive/2019/texmf-dist/tex/generic/pgf/frontendlayer/tikz/librarie
s/tikzlibraryplotmarks.code.tex
File: tikzlibraryplotmarks.code.tex 2019/04/04 v3.1.2 (3.1.2)

(/usr/local/texlive/2019/texmf-dist/tex/generic/pgf/libraries/pgflibraryplotmar
ks.code.tex
File: pgflibraryplotmarks.code.tex 2019/04/04 v3.1.2 (3.1.2)
)))
Package csquotes Info: Checking for multilingual support...
Package csquotes Info: ... found 'babel' package.
Package csquotes Info: Adjusting default style.
Package csquotes Info: Redefining alias 'default' -> 'american'.
 (./output.aux

LaTeX Warning: Label `validation_cli_control_baseline' multiply defined.


LaTeX Warning: Label `validation_cli_control_baseline' multiply defined.

)
\openout1 = `output.aux'.

LaTeX Font Info:    Checking defaults for OML/cmm/m/it on input line 123.
LaTeX Font Info:    ... okay on input line 123.
LaTeX Font Info:    Checking defaults for T1/cmr/m/n on input line 123.
LaTeX Font Info:    ... okay on input line 123.
LaTeX Font Info:    Checking defaults for OT1/cmr/m/n on input line 123.
LaTeX Font Info:    ... okay on input line 123.
LaTeX Font Info:    Checking defaults for OMS/cmsy/m/n on input line 123.
LaTeX Font Info:    ... okay on input line 123.
LaTeX Font Info:    Checking defaults for OMX/cmex/m/n on input line 123.
LaTeX Font Info:    ... okay on input line 123.
LaTeX Font Info:    Checking defaults for U/cmr/m/n on input line 123.
LaTeX Font Info:    ... okay on input line 123.
LaTeX Font Info:    Checking defaults for PD1/pdf/m/n on input line 123.
LaTeX Font Info:    ... okay on input line 123.
LaTeX Font Info:    Checking defaults for PU/pdf/m/n on input line 123.
LaTeX Font Info:    ... okay on input line 123.
LaTeX Font Info:    Try loading font information for OT1+ptm on input line 123.

 (/usr/local/texlive/2019/texmf-dist/tex/latex/psnfss/ot1ptm.fd
File: ot1ptm.fd 2001/06/04 font definitions for OT1/ptm.
)
*geometry* driver: auto-detecting
*geometry* detected driver: pdftex
*geometry* verbose mode - [ preamble ] result:
* driver: pdftex
* paper: <default>
* layout: <same size as paper>
* layoutoffset:(h,v)=(0.0pt,0.0pt)
* modes: 
* h-part:(L,W,R)=(101.17755pt, 411.9399pt, 101.17755pt)
* v-part:(T,H,B)=(82.38774pt, 630.1945pt, 82.38774pt)
* \paperwidth=614.295pt
* \paperheight=794.96999pt
* \textwidth=411.9399pt
* \textheight=630.1945pt
* \oddsidemargin=28.90756pt
* \evensidemargin=28.90756pt
* \topmargin=-26.88225pt
* \headheight=12.0pt
* \headsep=25.0pt
* \topskip=12.0pt
* \footskip=30.0pt
* \marginparwidth=44.0pt
* \marginparsep=10.0pt
* \columnsep=28.45274pt
* \skip\footins=10.8pt plus 4.0pt minus 2.0pt
* \hoffset=0.0pt
* \voffset=0.0pt
* \mag=1000
* \@twocolumnfalse
* \@twosidefalse
* \@mparswitchfalse
* \@reversemarginfalse
* (1in=72.27pt=25.4mm, 1cm=28.453pt)

(/usr/local/texlive/2019/texmf-dist/tex/context/base/mkii/supp-pdf.mkii
[Loading MPS to PDF converter (version 2006.09.02).]
\scratchcounter=\count186
\scratchdimen=\dimen305
\scratchbox=\box81
\nofMPsegments=\count187
\nofMParguments=\count188
\everyMPshowfont=\toks48
\MPscratchCnt=\count189
\MPscratchDim=\dimen306
\MPnumerator=\count190
\makeMPintoPDFobject=\count191
\everyMPtoPDFconversion=\toks49
) (/usr/local/texlive/2019/texmf-dist/tex/latex/oberdiek/epstopdf-base.sty
Package: epstopdf-base 2016/05/15 v2.6 Base part for package epstopdf

(/usr/local/texlive/2019/texmf-dist/tex/latex/oberdiek/grfext.sty
Package: grfext 2016/05/16 v1.2 Manage graphics extensions (HO)
)
Package epstopdf-base Info: Redefining graphics rule for `.eps' on input line 4
38.
Package grfext Info: Graphics extension search list:
(grfext)             [.pdf,.png,.jpg,.mps,.jpeg,.jbig2,.jb2,.PDF,.PNG,.JPG,.JPE
G,.JBIG2,.JB2,.eps]
(grfext)             \AppendGraphicsExtensions on input line 456.

(/usr/local/texlive/2019/texmf-dist/tex/latex/latexconfig/epstopdf-sys.cfg
File: epstopdf-sys.cfg 2010/07/13 v1.3 Configuration of (r)epstopdf for TeX Liv
e
))
\AtBeginShipoutBox=\box82
Package hyperref Info: Link coloring ON on input line 123.

(/usr/local/texlive/2019/texmf-dist/tex/latex/hyperref/nameref.sty
Package: nameref 2016/05/21 v2.44 Cross-referencing by name of section

(/usr/local/texlive/2019/texmf-dist/tex/generic/oberdiek/gettitlestring.sty
Package: gettitlestring 2016/05/16 v1.5 Cleanup title references (HO)
)
\c@section@level=\count192
)
LaTeX Info: Redefining \ref on input line 123.
LaTeX Info: Redefining \pageref on input line 123.
LaTeX Info: Redefining \nameref on input line 123.

(./output.out) (./output.out)
\@outlinefile=\write5
\openout5 = `output.out'.

 ABD: EveryShipout initializing macros
Package caption Info: Begin \AtBeginDocument code.
Package caption Info: rotating package is loaded.
Package caption Info: End \AtBeginDocument code.


Package pgfplots Warning: running in backwards compatibility mode (unsuitable t
ick labels; missing features). Consider writing \pgfplotsset{compat=1.16} into 
your preamble.
 on input line 123.

LaTeX Font Info:    Try loading font information for OT1+lmr on input line 132.

(/usr/local/texlive/2019/texmf-dist/tex/latex/lm/ot1lmr.fd
File: ot1lmr.fd 2009/10/30 v1.6 Font defs for Latin Modern
)
LaTeX Font Info:    Try loading font information for OMX+ztmcm on input line 13
2.

(/usr/local/texlive/2019/texmf-dist/tex/latex/psnfss/omxztmcm.fd
File: omxztmcm.fd 2000/01/03 Fontinst v1.801 font definitions for OMX/ztmcm.
)
LaTeX Font Info:    Try loading font information for OT1+zplm on input line 132
.

(/usr/local/texlive/2019/texmf-dist/tex/latex/psnfss/ot1zplm.fd
File: ot1zplm.fd 2002/09/08 Fontinst v1.914 font definitions for OT1/zplm.
)
LaTeX Font Info:    Font shape `OT1/ptm/bx/n' in size <12> not available
(Font)              Font shape `OT1/ptm/b/n' tried instead on input line 132.
LaTeX Font Info:    Font shape `OT1/ptm/bx/n' in size <9> not available
(Font)              Font shape `OT1/ptm/b/n' tried instead on input line 132.
LaTeX Font Info:    Font shape `OT1/ptm/bx/n' in size <7> not available
(Font)              Font shape `OT1/ptm/b/n' tried instead on input line 132.
Package atbegshi Info: Shipout page discarded.
LaTeX Font Info:    Font shape `OT1/ptm/bx/n' in size <20.74> not available
(Font)              Font shape `OT1/ptm/b/n' tried instead on input line 137.
LaTeX Font Info:    Font shape `OT1/ptm/bx/n' in size <24.88> not available
(Font)              Font shape `OT1/ptm/b/n' tried instead on input line 137.
LaTeX Font Info:    Font shape `OT1/ptm/bx/n' in size <14.4> not available
(Font)              Font shape `OT1/ptm/b/n' tried instead on input line 137.
LaTeX Font Info:    Font shape `OT1/ptm/bx/n' in size <10.95> not available
(Font)              Font shape `OT1/ptm/b/n' tried instead on input line 137.
LaTeX Font Info:    Font shape `OT1/ptm/bx/n' in size <8> not available
(Font)              Font shape `OT1/ptm/b/n' tried instead on input line 137.
LaTeX Font Info:    Try loading font information for OMS+ptm on input line 137.


(/usr/local/texlive/2019/texmf-dist/tex/latex/psnfss/omsptm.fd
File: omsptm.fd 
)
LaTeX Font Info:    Font shape `OMS/ptm/m/n' in size <10.95> not available
(Font)              Font shape `OMS/cmsy/m/n' tried instead on input line 137.
LaTeX Font Info:    Font shape `OT1/ptm/bx/n' in size <5> not available
(Font)              Font shape `OT1/ptm/b/n' tried instead on input line 137.
LaTeX Font Info:    Font shape `OMS/ptm/m/n' in size <7> not available
(Font)              Font shape `OMS/cmsy/m/n' tried instead on input line 137.
 [0{/usr/local/texlive/2019/texmf-var/fonts/map/pdftex/updmap/pdftex.map}]

Package geometry Warning: `verbose': not available in `\newgeometry'; skipped.

*geometry* verbose mode - [ newgeometry ] result:
* driver: pdftex
* paper: <default>
* layout: <same size as paper>
* layoutoffset:(h,v)=(0.0pt,0.0pt)
* modes: 
* h-part:(L,W,R)=(86.72377pt, 440.84746pt, 86.72377pt)
* v-part:(T,H,B)=(72.26999pt, 650.43001pt, 72.26999pt)
* \paperwidth=614.295pt
* \paperheight=794.96999pt
* \textwidth=440.84746pt
* \textheight=650.43001pt
* \oddsidemargin=14.45378pt
* \evensidemargin=14.45378pt
* \topmargin=-37.0pt
* \headheight=12.0pt
* \headsep=25.0pt
* \topskip=12.0pt
* \footskip=30.0pt
* \marginparwidth=44.0pt
* \marginparsep=10.0pt
* \columnsep=28.45274pt
* \skip\footins=10.8pt plus 4.0pt minus 2.0pt
* \hoffset=0.0pt
* \voffset=0.0pt
* \mag=1000
* \@twocolumnfalse
* \@twosidefalse
* \@mparswitchfalse
* \@reversemarginfalse
* (1in=72.27pt=25.4mm, 1cm=28.453pt)

LaTeX Font Info:    Font shape `OT1/ptm/bx/sc' in size <12> not available
(Font)              Font shape `OT1/ptm/b/sc' tried instead on input line 160.
(./Output/BaseAdminCompliance_m.tex) (./Output/BaseAdminCompliance_m_note.tex)
(./Output/AnalDCentralCompliance_m.tex) (./Output/AnalDControlCompliance_m.tex)
(./Output/AnalDAllRevenues_m.tex) [1

] [2]

LaTeX Warning: Reference `mechanics' on page 3 undefined on input line 244.


LaTeX Warning: Reference `data' on page 3 undefined on input line 244.

(./Output/campaign_components.tex)

LaTeX Warning: Reference `treatment_arms' on page 3 undefined on input line 273
.


LaTeX Warning: Reference `different_allocation' on page 3 undefined on input li
ne 273.

[3

]
LaTeX Font Info:    Font shape `OT1/ptm/bx/n' in size <6> not available
(Font)              Font shape `OT1/ptm/b/n' tried instead on input line 286.
 (./Output/main_attrition.tex)

LaTeX Warning: Reference `balance' on page 4 undefined on input line 292.


LaTeX Warning: Reference `balance' on page 4 undefined on input line 292.

[4

] (./Output/main_compliance_results.tex) (./Output/main_revenues_results.tex)

LaTeX Warning: Reference `equation_cvl' on page 5 undefined on input line 307.


LaTeX Warning: Reference `estimation' on page 5 undefined on input line 307.


LaTeX Warning: Reference `results_discussion' on page 5 undefined on input line
 307.

(./Output/main_compliance_results4R1.tex)
(./Output/main_revenues_results4R1.tex) [5

]
(./Output/main_compliance_results4R2.tex)
(./Output/main_revenues_results4R2.tex) [6]
Overfull \vbox (73.52571pt too high) has occurred while \output is active []


[7] (./Output/main_compliance_results4R4.tex)
(./Output/main_revenues_results4R4.tex) [8] (./Output/assessment_bribes.tex)
(./Output/attitudes.tex)

LaTeX Warning: Reference `equation_cvl' on page 9 undefined on input line 426.


LaTeX Warning: Reference `assessments' on page 9 undefined on input line 426.


LaTeX Warning: Reference `survey_variables' on page 9 undefined on input line 4
26.


LaTeX Warning: Reference `attitudes_discussion' on page 9 undefined on input li
ne 426.


LaTeX Warning: Reference `estimation' on page 9 undefined on input line 426.


LaTeX Warning: Reference `estimation' on page 9 undefined on input line 426.

(./Output/assessment_bribes5R1.tex) (./Output/attitudes5R1.tex)
Overfull \hbox (4.38652pt too wide) in paragraph at lines 1--435
 [][] 
 []


Overfull \hbox (33.17448pt too wide) in paragraph at lines 1--435
 [] 
 []

[9

] (./Output/main_visits_results.tex)

LaTeX Warning: Reference `equation_cvl' on page 10 undefined on input line 459.



LaTeX Warning: Reference `estimation' on page 10 undefined on input line 459.


LaTeX Warning: Reference `visits_discussion' on page 10 undefined on input line
 459.

(./Output/main_visits_results6R1.tex)

LaTeX Warning: Reference `Table_CvL_Visits_edited_Replicated' on page 10 undefi
ned on input line 472.

[10] (./Output/main_visits_results6R2.tex)
Overfull \hbox (19.35428pt too wide) in paragraph at lines 496--496
 [][] 
 []

(./Output/main_centralwinfo_results.tex)

LaTeX Warning: Reference `estimation' on page 11 undefined on input line 543.


LaTeX Warning: Reference `cli_discussion' on page 11 undefined on input line 54
3.

[11] (./Output/main_centralwinfo_results7R1.tex)
(./Output/main_centralwinfo_resultsR2.tex) [12]
(./Output/main_centralwinfo_resultsR3.tex)
(./Output/main_centralwinfo_resultsR4.tex) [13] [14]
(./Output/chiefs_info_payease.tex) (./Output/chiefs_info_wtp.tex)

LaTeX Warning: Reference `info_adv' on page 15 undefined on input line 626.


LaTeX Warning: Reference `predictiveness_discussion' on page 15 undefined on in
put line 626.

(./Output/chiefs_info_payease8R1.tex) (./Output/chiefs_info_wtp8R1.tex)
[15

] (./Output/chiefs_info_payeaseLC.tex) (./Output/chiefs_info_wtpLC.tex)
[16] (./Output/chiefs_info_payeaseLC_R1.tex) (./Output/chiefs_info_wtpLC_R1.tex
)

Package caption Warning: \label without proper reference on input line 643.
See the caption package documentation for explanation.


LaTeX Warning: Reference `validation_cli_control_LC' on page 17 undefined on in
put line 659.


Package caption Warning: \label without proper reference on input line 643.
See the caption package documentation for explanation.


LaTeX Warning: Reference `validation_cli_control_LC' on page 17 undefined on in
put line 659.

[17] (./Output/chiefs_info_payeaseR0.tex) (./Output/chiefs_info_wtpR0.tex)
[18] (./Output/PredictPerformance_m.tex) [19]
(./Output/chiefs_info_payeaseR2.tex) (./Output/chiefs_info_wtpR2.tex) [20]
(./Output/chiefs_info_payeaseR3.tex) (./Output/chiefs_info_wtpR3.tex) [21]
(./Output/chiefs_info_payeaseR4.tex) (./Output/chiefs_info_wtpR4.tex) [22]
(./Output/chiefs_info_payease_baseline.tex)
(./Output/chiefs_info_wtp_baseline.tex) [23]
(./Output/chiefs_info_payeaseR6.tex) (./Output/chiefs_info_wtpR6.tex) [24]
(./Output/chiefs_info_payease8R4.tex) (./Output/chiefs_info_wtp8R4.tex)
[25] [26]
<Output/chars_visited.pdf, id=304, 433.62pt x 289.08pt>
File: Output/chars_visited.pdf Graphic file (type pdf)
<use Output/chars_visited.pdf>
Package pdftex.def Info: Output/chars_visited.pdf  used on input line 777.
(pdftex.def)             Requested size: 268.84161pt x 179.22774pt.
<Output/chars_PEXHQ.pdf, id=305, 433.62pt x 289.08pt>
File: Output/chars_PEXHQ.pdf Graphic file (type pdf)
<use Output/chars_PEXHQ.pdf>
Package pdftex.def Info: Output/chars_PEXHQ.pdf  used on input line 779.
(pdftex.def)             Requested size: 346.89647pt x 231.2643pt.


LaTeX Warning: Reference `targeting_discussion' on page 27 undefined on input l
ine 782.


LaTeX Warning: Reference `targeting_discussion' on page 27 undefined on input l
ine 782.

<Output/chars_visitedR1.pdf, id=311, 397.485pt x 289.08pt>
File: Output/chars_visitedR1.pdf Graphic file (type pdf)
<use Output/chars_visitedR1.pdf>
Package pdftex.def Info: Output/chars_visitedR1.pdf  used on input line 793.
(pdftex.def)             Requested size: 246.43814pt x 179.22774pt.
<Output/chars_PEXHQ_R1.pdf, id=312, 397.485pt x 289.08pt>
File: Output/chars_PEXHQ_R1.pdf Graphic file (type pdf)
<use Output/chars_PEXHQ_R1.pdf>
Package pdftex.def Info: Output/chars_PEXHQ_R1.pdf  used on input line 795.
(pdftex.def)             Requested size: 317.98842pt x 231.2643pt.

LaTeX Warning: Reference `targeting_discussion' on page 27 undefined on input l
ine 798.

[27

 <./Output/chars_visited.pdf> <./Output/chars_PEXHQ.pdf>]
<Output/chars_visited_R2.pdf, id=340, 433.62pt x 289.08pt>
File: Output/chars_visited_R2.pdf Graphic file (type pdf)
<use Output/chars_visited_R2.pdf>
Package pdftex.def Info: Output/chars_visited_R2.pdf  used on input line 808.
(pdftex.def)             Requested size: 268.84161pt x 179.22774pt.
<Output/chars_PEXHQ_R2.pdf, id=341, 433.62pt x 289.08pt>
File: Output/chars_PEXHQ_R2.pdf Graphic file (type pdf)
<use Output/chars_PEXHQ_R2.pdf>
Package pdftex.def Info: Output/chars_PEXHQ_R2.pdf  used on input line 810.
(pdftex.def)             Requested size: 346.89647pt x 231.2643pt.


LaTeX Warning: Reference `targeting_discussion' on page 28 undefined on input l
ine 813.

[28 <./Output/chars_visitedR1.pdf> <./Output/chars_PEXHQ_R1.pdf>]
(./Output/main_incidence_results.tex)

LaTeX Warning: Reference `equation_cvl' on page 29 undefined on input line 827.



LaTeX Warning: Reference `estimation' on page 29 undefined on input line 827.


LaTeX Warning: Reference `incidence_discussion' on page 29 undefined on input l
ine 827.

[29 <./Output/chars_visited_R2.pdf> <./Output/chars_PEXHQ_R2.pdf>]
(./Output/main_incidence_results9R1.tex) [30] [31]
\c@ttl@toc@default=\count193
<Documents/flier3000control.png, id=403, 826.58812pt x 500.87125pt>
File: Documents/flier3000control.png Graphic file (type png)
<use Documents/flier3000control.png>
Package pdftex.def Info: Documents/flier3000control.png  used on input line 889
.
(pdftex.def)             Requested size: 413.29305pt x 250.435pt.


LaTeX Warning: Reference `mechanics' on page 32 undefined on input line 891.


LaTeX Warning: Reference `persuasion' on page 32 undefined on input line 891.

<Documents/polygons.png, id=406, 325.71687pt x 222.33063pt>
File: Documents/polygons.png Graphic file (type png)
<use Documents/polygons.png>
Package pdftex.def Info: Documents/polygons.png  used on input line 902.
(pdftex.def)             Requested size: 293.14246pt x 200.09569pt.
[32

 <./Documents/flier3000control.png>]
<Documents/strata.png, id=414, 471.26062pt x 365.11406pt>
File: Documents/strata.png Graphic file (type png)
<use Documents/strata.png>
Package pdftex.def Info: Documents/strata.png  used on input line 911.
(pdftex.def)             Requested size: 329.88019pt x 255.5781pt.
LaTeX Font Info:    Font shape `OT1/ptm/bx/sc' in size <9> not available
(Font)              Font shape `OT1/ptm/b/sc' tried instead on input line 912.
 (./Output/collector_summary.tex)

LaTeX Warning: Reference `treatment_arms' on page 33 undefined on input line 92
6.

[33 <./Documents/polygons.png> <./Documents/strata.png>]
<Output/taxes_paid_DGRKOC_educ_lvl.pdf, id=424, 433.62pt x 289.08pt>
File: Output/taxes_paid_DGRKOC_educ_lvl.pdf Graphic file (type pdf)
<use Output/taxes_paid_DGRKOC_educ_lvl.pdf>
Package pdftex.def Info: Output/taxes_paid_DGRKOC_educ_lvl.pdf  used on input l
ine 937.
(pdftex.def)             Requested size: 216.80946pt x 144.53964pt.
<Output/taxes_paid_chief_educ_lvl.pdf, id=425, 433.62pt x 289.08pt>
File: Output/taxes_paid_chief_educ_lvl.pdf Graphic file (type pdf)
<use Output/taxes_paid_chief_educ_lvl.pdf>
Package pdftex.def Info: Output/taxes_paid_chief_educ_lvl.pdf  used on input li
ne 937.
(pdftex.def)             Requested size: 216.80946pt x 144.53964pt.
<Output/taxes_paid_DGRKOC_educ_yrs.pdf, id=426, 433.62pt x 289.08pt>
File: Output/taxes_paid_DGRKOC_educ_yrs.pdf Graphic file (type pdf)
<use Output/taxes_paid_DGRKOC_educ_yrs.pdf>
Package pdftex.def Info: Output/taxes_paid_DGRKOC_educ_yrs.pdf  used on input l
ine 939.
(pdftex.def)             Requested size: 216.80946pt x 144.53964pt.
<Output/taxes_paid_chief_educ_yrs.pdf, id=427, 433.62pt x 289.08pt>
File: Output/taxes_paid_chief_educ_yrs.pdf Graphic file (type pdf)
<use Output/taxes_paid_chief_educ_yrs.pdf>
Package pdftex.def Info: Output/taxes_paid_chief_educ_yrs.pdf  used on input li
ne 939.
(pdftex.def)             Requested size: 216.80946pt x 144.53964pt.
<Output/taxes_paid_DGRKOC_possessions_nb.pdf, id=428, 433.62pt x 289.08pt>
File: Output/taxes_paid_DGRKOC_possessions_nb.pdf Graphic file (type pdf)
<use Output/taxes_paid_DGRKOC_possessions_nb.pdf>
Package pdftex.def Info: Output/taxes_paid_DGRKOC_possessions_nb.pdf  used on i
nput line 941.
(pdftex.def)             Requested size: 216.80946pt x 144.53964pt.
<Output/taxes_paid_chief_possessions_nb.pdf, id=429, 433.62pt x 289.08pt>
File: Output/taxes_paid_chief_possessions_nb.pdf Graphic file (type pdf)
<use Output/taxes_paid_chief_possessions_nb.pdf>
Package pdftex.def Info: Output/taxes_paid_chief_possessions_nb.pdf  used on in
put line 941.
(pdftex.def)             Requested size: 216.80946pt x 144.53964pt.

Overfull \hbox (16.7715pt too wide) in paragraph at lines 934--943
 [][] 
 []


LaTeX Warning: Reference `treatment_arms' on page 34 undefined on input line 94
3.


LaTeX Warning: Reference `treatment_arms' on page 34 undefined on input line 94
3.

[34] (./Output/balance_Ftest_nbhdvars.tex)
(./Output/balance_Ftest_baselinevars.tex)

LaTeX Warning: Reference `balance' on page 35 undefined on input line 956.

[35 <./Output/taxes_paid_DGRKOC_educ_lvl.pdf> <./Output/taxes_paid_chief_educ_l
vl.pdf> <./Output/taxes_paid_DGRKOC_educ_yrs.pdf> <./Output/taxes_paid_chief_ed
uc_yrs.pdf> <./Output/taxes_paid_DGRKOC_possessions_nb.pdf> <./Output/taxes_pai
d_chief_possessions_nb.pdf>] (./Output/attrition_wcontrol.tex)

LaTeX Warning: Reference `balance' on page 36 undefined on input line 970.

[36] (./Output/balance_midline_missing.tex) [37]
<Output/compliance_over_time.pdf, id=503, 433.62pt x 289.08pt>
File: Output/compliance_over_time.pdf Graphic file (type pdf)
<use Output/compliance_over_time.pdf>
Package pdftex.def Info: Output/compliance_over_time.pdf  used on input line 10
01.
(pdftex.def)             Requested size: 390.2544pt x 260.16959pt.


LaTeX Warning: Reference `time_imbalance' on page 38 undefined on input line 10
02.


LaTeX Warning: Reference `time_imbalance' on page 38 undefined on input line 10
02.

[38] [39 <./Output/compliance_over_time.pdf>]
(./Output/compl_CvL_results_timeimbal.tex)
(./Output/rev_CvL_results_timeimbal.tex)

LaTeX Warning: Reference `estimation' on page 40 undefined on input line 1021.


LaTeX Warning: Reference `estimation' on page 40 undefined on input line 1021.


LaTeX Warning: Reference `results_discussion' on page 40 undefined on input lin
e 1021.

(./Output/compl_CvL_results_timeimbalR.tex)
(./Output/rev_CvL_results_timeimbal.tex) [40

] [41]
<Output/shiftFE_compl_CvL.pdf, id=546, 433.62pt x 289.08pt>
File: Output/shiftFE_compl_CvL.pdf Graphic file (type pdf)
<use Output/shiftFE_compl_CvL.pdf>
Package pdftex.def Info: Output/shiftFE_compl_CvL.pdf  used on input line 1045.

(pdftex.def)             Requested size: 195.1272pt x 130.0848pt.
<Output/shiftFE_rev_CvL.pdf, id=547, 433.62pt x 289.08pt>
File: Output/shiftFE_rev_CvL.pdf Graphic file (type pdf)
<use Output/shiftFE_rev_CvL.pdf>
Package pdftex.def Info: Output/shiftFE_rev_CvL.pdf  used on input line 1045.
(pdftex.def)             Requested size: 195.1272pt x 130.0848pt.
<Output/shiftFE_compl_CvCLI.pdf, id=548, 433.62pt x 289.08pt>
File: Output/shiftFE_compl_CvCLI.pdf Graphic file (type pdf)
<use Output/shiftFE_compl_CvCLI.pdf>
Package pdftex.def Info: Output/shiftFE_compl_CvCLI.pdf  used on input line 104
8.
(pdftex.def)             Requested size: 195.1272pt x 130.0848pt.
<Output/shiftFE_rev_CvCLI.pdf, id=549, 433.62pt x 289.08pt>
File: Output/shiftFE_rev_CvCLI.pdf Graphic file (type pdf)
<use Output/shiftFE_rev_CvCLI.pdf>
Package pdftex.def Info: Output/shiftFE_rev_CvCLI.pdf  used on input line 1048.

(pdftex.def)             Requested size: 195.1272pt x 130.0848pt.


LaTeX Warning: Reference `results_discussion' on page 42 undefined on input lin
e 1051.

(./Output/compl_results_saturated.tex) (./Output/rev_results_saturated.tex)

LaTeX Warning: Reference `equation_cvl' on page 42 undefined on input line 1062
.


LaTeX Warning: Reference `results_discussion' on page 42 undefined on input lin
e 1062.

[42

 <./Output/shiftFE_compl_CvL.pdf> <./Output/shiftFE_rev_CvL.pdf> <./Output/shif
tFE_compl_CvCLI.pdf> <./Output/shiftFE_rev_CvCLI.pdf>]
(./Output/compl_results_saturatedR1.tex) (./Output/rev_results_saturatedR1.tex)

Overfull \hbox (14.40556pt too wide) in paragraph at lines 1069--1071
 [][] 
 []

[43] (./Output/compl_results_controls.tex) (./Output/rev_results_controls.tex)

LaTeX Warning: Reference `equation_cvl' on page 44 undefined on input line 1083
.


LaTeX Warning: Reference `results_discussion' on page 44 undefined on input lin
e 1083.

[44] (./Output/compl_results_controlsR1.tex)
(./Output/rev_results_controlsR1.tex)
Overfull \hbox (14.40556pt too wide) in paragraph at lines 1090--1092
 [][] 
 []

[45] (./Output/compl_results_controlsR1_new.tex)
(./Output/rev_results_controlsR1_new.tex)
Overfull \hbox (14.40556pt too wide) in paragraph at lines 1099--1101
 [][] 
 []

[46] [47] (./Output/cvl_collector_differences_control.tex)

LaTeX Warning: Reference `equation_cvl' on page 48 undefined on input line 1120
.


LaTeX Warning: Reference `results_discussion' on page 48 undefined on input lin
e 1120.

(./Output/exemptions.tex)

LaTeX Warning: Reference `estimation' on page 48 undefined on input line 1134.


LaTeX Warning: Reference `results_discussion' on page 48 undefined on input lin
e 1134.

[48

] [49] (./Output/awareness_other_tmts.tex)

LaTeX Warning: Reference `estimation' on page 50 undefined on input line 1156.


LaTeX Warning: Reference `results_discussion' on page 50 undefined on input lin
e 1156.

(./Output/fiscal_externalities.tex)

LaTeX Warning: Reference `equation_cvl' on page 50 undefined on input line 1170
.


LaTeX Warning: Reference `estimation' on page 50 undefined on input line 1170.


LaTeX Warning: Reference `salongo_discussion' on page 50 undefined on input lin
e 1170.

[50


] (./Output/salongo_tax_actual.tex) (./Output/salongo_tax_predicted.tex)

LaTeX Warning: Reference `equation_cvl' on page 51 undefined on input line 1181
.


LaTeX Warning: Reference `info_adv' on page 51 undefined on input line 1181.


LaTeX Warning: Reference `estimation' on page 51 undefined on input line 1181.


LaTeX Warning: Reference `salongo_discussion' on page 51 undefined on input lin
e 1181.

(./Output/cvl_total_tax_burden.tex) [51] [52]
(./Output/bribe_chief_worried_sanctions_col4-6.tex)
(./Output/bribe_chief_worried_sanctions_col1-3.tex)

LaTeX Warning: Reference `bribe_discussion' on page 53 undefined on input line 
1222.

[53


] (./Output/bribe_chief_het_condensed.tex)

LaTeX Warning: Reference `bribe_discussion' on page 54 undefined on input line 
1242.

(./Output/predicted_bribe_p75.tex) (./Output/predicted_bribe_p90.tex)

LaTeX Warning: Reference `bribe_discussion' on page 54 undefined on input line 
1255.


LaTeX Warning: Reference `bribe_discussion' on page 54 undefined on input line 
1255.

[54

] (./Output/visits_results_nohouseFE.tex)
Overfull \hbox (25.65431pt too wide) in paragraph at lines 1272--1272
 [][] 
 []


LaTeX Warning: Reference `equation_cvl' on page 55 undefined on input line 1273
.


LaTeX Warning: Reference `estimation' on page 55 undefined on input line 1273.


LaTeX Warning: Reference `visits_discussion' on page 55 undefined on input line
 1273.

[55] [56] (./Output/compl_CvCLI_results_timeimbal.tex)
(./Output/rev_CvCLI_results_timeimbal.tex)

LaTeX Warning: Reference `estimation' on page 57 undefined on input line 1292.


LaTeX Warning: Reference `cli_discussion' on page 57 undefined on input line 12
92.

[57


] (./Output/centralwinfo_controls.tex) (./Output/centralwinfo_nohouseFE.tex)

LaTeX Warning: Reference `cli_discussion' on page 58 undefined on input line 13
08.

[58

] (./Output/owner_present_reg.tex)

LaTeX Warning: Reference `equation_cvl' on page 59 undefined on input line 1327
.


LaTeX Warning: Reference `estimation' on page 59 undefined on input line 1327.


LaTeX Warning: Reference `cli_discussion' on page 59 undefined on input line 13
27.

[59

] (./Output/chiefs_info_payease_nohouseFE.tex)
(./Output/chiefs_info_wtp_nohouseFE.tex)

LaTeX Warning: Reference `info_adv' on page 60 undefined on input line 1343.


LaTeX Warning: Reference `predictiveness_discussion' on page 60 undefined on in
put line 1343.

(./Output/chiefs_info_payease_interact.tex)
(./Output/chiefs_info_wtp_interact.tex)

LaTeX Warning: Reference `predictiveness_discussion' on page 60 undefined on in
put line 1356.


LaTeX Warning: Reference `predictiveness_discussion' on page 60 undefined on in
put line 1356.

[60

]
<Output/visits_chefknowindex_L_binned.pdf, id=713, 397.485pt x 289.08pt>
File: Output/visits_chefknowindex_L_binned.pdf Graphic file (type pdf)
<use Output/visits_chefknowindex_L_binned.pdf>
Package pdftex.def Info: Output/visits_chefknowindex_L_binned.pdf  used on inpu
t line 1368.
(pdftex.def)             Requested size: 198.742pt x 144.53964pt.
<Output/taxes_paid_chefknowindex_L_binned.pdf, id=714, 397.485pt x 289.08pt>
File: Output/taxes_paid_chefknowindex_L_binned.pdf Graphic file (type pdf)
<use Output/taxes_paid_chefknowindex_L_binned.pdf>
Package pdftex.def Info: Output/taxes_paid_chefknowindex_L_binned.pdf  used on 
input line 1368.
(pdftex.def)             Requested size: 198.742pt x 144.53964pt.
<Output/visits_chefknowindex_CwI_binned.pdf, id=715, 397.485pt x 289.08pt>
File: Output/visits_chefknowindex_CwI_binned.pdf Graphic file (type pdf)
<use Output/visits_chefknowindex_CwI_binned.pdf>
Package pdftex.def Info: Output/visits_chefknowindex_CwI_binned.pdf  used on in
put line 1370.
(pdftex.def)             Requested size: 198.742pt x 144.53964pt.
<Output/taxes_paid_chefknowindex_CwI_binned.pdf, id=716, 397.485pt x 289.08pt>
File: Output/taxes_paid_chefknowindex_CwI_binned.pdf Graphic file (type pdf)
<use Output/taxes_paid_chefknowindex_CwI_binned.pdf>
Package pdftex.def Info: Output/taxes_paid_chefknowindex_CwI_binned.pdf  used o
n input line 1370.
(pdftex.def)             Requested size: 198.742pt x 144.53964pt.
<Output/taxes_paid_chefknowindex_C_binned.pdf, id=717, 397.485pt x 289.08pt>
File: Output/taxes_paid_chefknowindex_C_binned.pdf Graphic file (type pdf)
<use Output/taxes_paid_chefknowindex_C_binned.pdf>
Package pdftex.def Info: Output/taxes_paid_chefknowindex_C_binned.pdf  used on 
input line 1372.
(pdftex.def)             Requested size: 198.742pt x 144.53964pt.
<Output//visits_chefknowindex_C_binned.pdf, id=718, 397.485pt x 289.08pt>
File: Output//visits_chefknowindex_C_binned.pdf Graphic file (type pdf)
<use Output//visits_chefknowindex_C_binned.pdf>
Package pdftex.def Info: Output//visits_chefknowindex_C_binned.pdf  used on inp
ut line 1372.
(pdftex.def)             Requested size: 198.742pt x 144.53964pt.


LaTeX Warning: Reference `predictiveness_discussion' on page 61 undefined on in
put line 1375.


LaTeX Warning: Reference `predictiveness_discussion' on page 61 undefined on in
put line 1375.

[61] (./Output/tablechefknowindex.tex)

LaTeX Warning: Reference `predictiveness_discussion' on page 62 undefined on in
put line 1389.

(./Output/tablechefknowindexR1.tex)

LaTeX Warning: Reference `predictiveness_discussion' on page 62 undefined on in
put line 1402.

(./Output/dist_collectors.tex)

LaTeX Warning: Reference `estimation' on page 62 undefined on input line 1416.


LaTeX Warning: Reference `predictiveness_discussion' on page 62 undefined on in
put line 1416.

(./Output/dist_collectorsR1.tex)

LaTeX Warning: Reference `predictiveness_discussion' on page 62 undefined on in
put line 1429.

[62 <./Output/visits_chefknowindex_L_binned.pdf> <./Output/taxes_paid_chefknowi
ndex_L_binned.pdf> <./Output/visits_chefknowindex_CwI_binned.pdf> <./Output/tax
es_paid_chefknowindex_CwI_binned.pdf> <./Output/taxes_paid_chefknowindex_C_binn
ed.pdf> <./Output//visits_chefknowindex_C_binned.pdf>] [63] [64] [65]
(./Output/collectors_C_near_home.tex) (./Output/collectors_C_CLI_near_home.tex)

LaTeX Warning: Reference `equation_cvl' on page 66 undefined on input line 1443
.


LaTeX Warning: Reference `estimation' on page 66 undefined on input line 1443.


LaTeX Warning: Reference `predictiveness_discussion' on page 66 undefined on in
put line 1443.

(./Output/collectors_C_near_homeR1.tex)
(./Output/collectors_C_CLI_near_homeR1.tex)

LaTeX Warning: Reference `predictiveness_discussion' on page 66 undefined on in
put line 1453.


LaTeX Warning: Float too large for page by 12.97919pt on input line 1454.

[66

] [67] (./Output/pay_registration.tex)

LaTeX Warning: Reference `equation_cvl' on page 68 undefined on input line 1472
.


LaTeX Warning: Reference `estimation' on page 68 undefined on input line 1472.


LaTeX Warning: Reference `persuasion' on page 68 undefined on input line 1472.

(./Output/pay_registrationR.tex) [68


] [69]

pdfTeX warning: /Library/TeX/texbin/pdflatex (file ./Documents/property_registr
ation_path.pdf): PDF inclusion: found PDF version <1.6>, but at most version <1
.5> allowed
<Documents/property_registration_path.pdf, id=816, 1589.94pt x 1228.59pt>
File: Documents/property_registration_path.pdf Graphic file (type pdf)
<use Documents/property_registration_path.pdf>
Package pdftex.def Info: Documents/property_registration_path.pdf  used on inpu
t line 1499.
(pdftex.def)             Requested size: 476.98569pt x 368.57985pt.

LaTeX Warning: Reference `persuasion' on page 70 undefined on input line 1500.


LaTeX Warning: Reference `persuasion' on page 70 undefined on input line 1500.

[70


 <./Documents/property_registration_path.pdf>]
(./Output/taxes_paid_chief_het_condensed.tex)

LaTeX Warning: Reference `persuasion' on page 71 undefined on input line 1520.

[71

] (./Output/flier_effects_tax_timeFE.tex)

LaTeX Warning: Reference `estimation' on page 72 undefined on input line 1542.


LaTeX Warning: Reference `persuasion' on page 72 undefined on input line 1542.

(./Output/flier_effects_tax_timeFER.tex) [72


] [73]
(./Output/flier_PanelA_timeFE.tex) (./Output/flier_PanelB_timeFE.tex)
(./Output/flier_PanelC_timeFE.tex) (./Output/flier_PanelD_timeFE.tex)
(./Output/flier_PanelE_timeFE.tex)

LaTeX Warning: Reference `equation_cvl' on page 74 undefined on input line 1574
.


LaTeX Warning: Reference `estimation' on page 74 undefined on input line 1574.


LaTeX Warning: Reference `persuasion' on page 74 undefined on input line 1574.

(./Output/flier_PanelA_timeFER.tex) (./Output/flier_PanelB_timeFER.tex)
(./Output/flier_PanelC_timeFER.tex) (./Output/flier_PanelD_timeFER.tex)
(./Output/flier_PanelE_timeFER.tex) [74

]
Overfull \vbox (37.55962pt too high) has occurred while \output is active []


[75] (./Output/flier_PanelA_timeFE_LHet.tex)
(./Output/flier_PanelB_timeFE_LHet.tex) (./Output/flier_PanelC_timeFE_LHet.tex)
(./Output/flier_PanelD_timeFE_LHet.tex) (./Output/flier_PanelE_timeFE_LHet.tex)

LaTeX Warning: Reference `estimation' on page 76 undefined on input line 1603.

File: Output/chars_PEXHQ.pdf Graphic file (type pdf)
<use Output/chars_PEXHQ.pdf>
Package pdftex.def Info: Output/chars_PEXHQ.pdf  used on input line 1624.
(pdftex.def)             Requested size: 303.53192pt x 202.35461pt.
<Output/chars_PEXHQ_bytmt.pdf, id=1173, 433.62pt x 289.08pt>
File: Output/chars_PEXHQ_bytmt.pdf Graphic file (type pdf)
<use Output/chars_PEXHQ_bytmt.pdf>
Package pdftex.def Info: Output/chars_PEXHQ_bytmt.pdf  used on input line 1624.

(pdftex.def)             Requested size: 303.53192pt x 202.35461pt.

LaTeX Warning: Reference `targeting_discussion' on page 76 undefined on input l
ine 1626.


LaTeX Warning: Reference `targeting_discussion' on page 76 undefined on input l
ine 1626.

[76]
<Output/chars_visited_nohouseFE.pdf, id=1179, 433.62pt x 289.08pt>
File: Output/chars_visited_nohouseFE.pdf Graphic file (type pdf)
<use Output/chars_visited_nohouseFE.pdf>
Package pdftex.def Info: Output/chars_visited_nohouseFE.pdf  used on input line
 1638.
(pdftex.def)             Requested size: 303.53192pt x 202.35461pt.
<Output/chars_PEXHQ_nohouseFE.pdf, id=1180, 433.62pt x 289.08pt>
File: Output/chars_PEXHQ_nohouseFE.pdf Graphic file (type pdf)
<use Output/chars_PEXHQ_nohouseFE.pdf>
Package pdftex.def Info: Output/chars_PEXHQ_nohouseFE.pdf  used on input line 1
640.
(pdftex.def)             Requested size: 303.53192pt x 202.35461pt.


LaTeX Warning: Reference `targeting_discussion' on page 77 undefined on input l
ine 1643.


LaTeX Warning: Reference `targeting_discussion' on page 77 undefined on input l
ine 1643.

[77 <./Output/chars_PEXHQ_bytmt.pdf>]
<Output/chars_visited_nonbhdmean.pdf, id=1194, 433.62pt x 289.08pt>
File: Output/chars_visited_nonbhdmean.pdf Graphic file (type pdf)
<use Output/chars_visited_nonbhdmean.pdf>
Package pdftex.def Info: Output/chars_visited_nonbhdmean.pdf  used on input lin
e 1660.
(pdftex.def)             Requested size: 303.53192pt x 202.35461pt.
<Output/chars_PEXHQ_nonbhdmean.pdf, id=1195, 433.62pt x 289.08pt>
File: Output/chars_PEXHQ_nonbhdmean.pdf Graphic file (type pdf)
<use Output/chars_PEXHQ_nonbhdmean.pdf>
Package pdftex.def Info: Output/chars_PEXHQ_nonbhdmean.pdf  used on input line 
1660.
(pdftex.def)             Requested size: 303.53192pt x 202.35461pt.


LaTeX Warning: Reference `targeting_discussion' on page 78 undefined on input l
ine 1662.


LaTeX Warning: Reference `targeting_discussion' on page 78 undefined on input l
ine 1662.

[78 <./Output/chars_visited_nohouseFE.pdf> <./Output/chars_PEXHQ_nohouseFE.pdf>
] [79 <./Output/chars_visited_nonbhdmean.pdf> <./Output/chars_PEXHQ_nonbhdmean.
pdf>]

Package geometry Warning: `verbose': not available in `\newgeometry'; skipped.

*geometry* verbose mode - [ newgeometry ] result:
* driver: pdftex
* paper: <default>
* layout: <same size as paper>
* layoutoffset:(h,v)=(0.0pt,0.0pt)
* modes: 
* h-part:(L,W,R)=(86.72377pt, 440.84746pt, 86.72377pt)
* v-part:(T,H,B)=(57.81621pt, 664.88379pt, 72.26999pt)
* \paperwidth=614.295pt
* \paperheight=794.96999pt
* \textwidth=440.84746pt
* \textheight=664.88379pt
* \oddsidemargin=14.45378pt
* \evensidemargin=14.45378pt
* \topmargin=-51.45378pt
* \headheight=12.0pt
* \headsep=25.0pt
* \topskip=12.0pt
* \footskip=30.0pt
* \marginparwidth=44.0pt
* \marginparsep=10.0pt
* \columnsep=28.45274pt
* \skip\footins=10.8pt plus 4.0pt minus 2.0pt
* \hoffset=0.0pt
* \voffset=0.0pt
* \mag=1000
* \@twocolumnfalse
* \@twosidefalse
* \@mparswitchfalse
* \@reversemarginfalse
* (1in=72.27pt=25.4mm, 1cm=28.453pt)

<Output/chief_indices_CvL.pdf, id=1238, 433.62pt x 289.08pt>
File: Output/chief_indices_CvL.pdf Graphic file (type pdf)
<use Output/chief_indices_CvL.pdf>
Package pdftex.def Info: Output/chief_indices_CvL.pdf  used on input line 1678.

(pdftex.def)             Requested size: 238.49173pt x 158.99448pt.
<Output/chief_indices_LvCLI.pdf, id=1239, 433.62pt x 289.08pt>
File: Output/chief_indices_LvCLI.pdf Graphic file (type pdf)
<use Output/chief_indices_LvCLI.pdf>
Package pdftex.def Info: Output/chief_indices_LvCLI.pdf  used on input line 168
0.
(pdftex.def)             Requested size: 238.49173pt x 158.99448pt.
<Output/chief_indices_bytmt.pdf, id=1240, 433.62pt x 289.08pt>
File: Output/chief_indices_bytmt.pdf Graphic file (type pdf)
<use Output/chief_indices_bytmt.pdf>
Package pdftex.def Info: Output/chief_indices_bytmt.pdf  used on input line 168
2.
(pdftex.def)             Requested size: 238.49173pt x 158.99448pt.

LaTeX Warning: Reference `targeting_discussion' on page 80 undefined on input l
ine 1685.


LaTeX Warning: Reference `targeting_discussion' on page 80 undefined on input l
ine 1685.

[80

 <./Output/chief_indices_CvL.pdf> <./Output/chief_indices_LvCLI.pdf> <./Output/
chief_indices_bytmt.pdf>]

Package geometry Warning: `verbose': not available in `\newgeometry'; skipped.

*geometry* verbose mode - [ newgeometry ] result:
* driver: pdftex
* paper: <default>
* layout: <same size as paper>
* layoutoffset:(h,v)=(0.0pt,0.0pt)
* modes: 
* h-part:(L,W,R)=(86.72377pt, 440.84746pt, 86.72377pt)
* v-part:(T,H,B)=(72.26999pt, 650.43001pt, 72.26999pt)
* \paperwidth=614.295pt
* \paperheight=794.96999pt
* \textwidth=440.84746pt
* \textheight=650.43001pt
* \oddsidemargin=14.45378pt
* \evensidemargin=14.45378pt
* \topmargin=-37.0pt
* \headheight=12.0pt
* \headsep=25.0pt
* \topskip=12.0pt
* \footskip=30.0pt
* \marginparwidth=44.0pt
* \marginparsep=10.0pt
* \columnsep=28.45274pt
* \skip\footins=10.8pt plus 4.0pt minus 2.0pt
* \hoffset=0.0pt
* \voffset=0.0pt
* \mag=1000
* \@twocolumnfalse
* \@twosidefalse
* \@mparswitchfalse
* \@reversemarginfalse
* (1in=72.27pt=25.4mm, 1cm=28.453pt)

(./Output/ethnicity_interaction.tex)

LaTeX Warning: Reference `equation_cvl' on page 81 undefined on input line 1712
.


LaTeX Warning: Reference `estimation' on page 81 undefined on input line 1712.


LaTeX Warning: Reference `targeting_discussion' on page 81 undefined on input l
ine 1712.

[81



] (./Output/incidence_results_nohouseFE.tex)

LaTeX Warning: Reference `equation_cvl' on page 82 undefined on input line 1731
.


LaTeX Warning: Reference `estimation' on page 82 undefined on input line 1731.


LaTeX Warning: Reference `incidence_discussion' on page 82 undefined on input l
ine 1731.

(./Output/incidence_results_nonbhdmean.tex)
Overfull \hbox (14.40063pt too wide) in paragraph at lines 1744--1744
 [][] 
 []


LaTeX Warning: Reference `estimation' on page 82 undefined on input line 1745.


LaTeX Warning: Reference `incidence_discussion' on page 82 undefined on input l
ine 1745.

(./Output/incidence_interactions_house.tex)

LaTeX Warning: Reference `equation_cvl' on page 82 undefined on input line 1761
.


LaTeX Warning: Reference `incidence_discussion' on page 82 undefined on input l
ine 1761.

[82

] (./Output/incidence_interactions_compl.tex)
(./Output/incidence_interactions_rev.tex)

LaTeX Warning: Reference `equation_cvl' on page 83 undefined on input line 1775
.


LaTeX Warning: Reference `incidence_discussion' on page 83 undefined on input l
ine 1775.

[83]
<Output/dist_housequal_visited.pdf, id=1288, 433.62pt x 289.08pt>
File: Output/dist_housequal_visited.pdf Graphic file (type pdf)
<use Output/dist_housequal_visited.pdf>
Package pdftex.def Info: Output/dist_housequal_visited.pdf  used on input line 
1786.
(pdftex.def)             Requested size: 238.49173pt x 158.99448pt.
<Output/dist_housequal_taxpayers.pdf, id=1289, 433.62pt x 289.08pt>
File: Output/dist_housequal_taxpayers.pdf Graphic file (type pdf)
<use Output/dist_housequal_taxpayers.pdf>
Package pdftex.def Info: Output/dist_housequal_taxpayers.pdf  used on input lin
e 1786.
(pdftex.def)             Requested size: 238.49173pt x 158.99448pt.
<Output/dist_inc_visited.pdf, id=1290, 433.62pt x 289.08pt>
File: Output/dist_inc_visited.pdf Graphic file (type pdf)
<use Output/dist_inc_visited.pdf>
Package pdftex.def Info: Output/dist_inc_visited.pdf  used on input line 1788.
(pdftex.def)             Requested size: 238.49173pt x 158.99448pt.
<Output/dist_inc_taxpayers.pdf, id=1291, 433.62pt x 289.08pt>
File: Output/dist_inc_taxpayers.pdf Graphic file (type pdf)
<use Output/dist_inc_taxpayers.pdf>
Package pdftex.def Info: Output/dist_inc_taxpayers.pdf  used on input line 1788
.
(pdftex.def)             Requested size: 238.49173pt x 158.99448pt.
<Output/dist_liq_visited.pdf, id=1292, 433.62pt x 289.08pt>
File: Output/dist_liq_visited.pdf Graphic file (type pdf)
<use Output/dist_liq_visited.pdf>
Package pdftex.def Info: Output/dist_liq_visited.pdf  used on input line 1790.
(pdftex.def)             Requested size: 238.49173pt x 158.99448pt.
<Output/dist_liq_taxpayers.pdf, id=1293, 433.62pt x 289.08pt>
File: Output/dist_liq_taxpayers.pdf Graphic file (type pdf)
<use Output/dist_liq_taxpayers.pdf>
Package pdftex.def Info: Output/dist_liq_taxpayers.pdf  used on input line 1790
.
(pdftex.def)             Requested size: 238.49173pt x 158.99448pt.


LaTeX Warning: Reference `incidence_discussion' on page 84 undefined on input l
ine 1793.

[84] [85 <./Output/dist_housequal_visited.pdf> <./Output/dist_housequal_taxpaye
rs.pdf> <./Output/dist_inc_visited.pdf> <./Output/dist_inc_taxpayers.pdf> <./Ou
tput/dist_liq_visited.pdf> <./Output/dist_liq_taxpayers.pdf>]
<Output/chars_visited_LvCLI.pdf, id=1351, 433.62pt x 289.08pt>
File: Output/chars_visited_LvCLI.pdf Graphic file (type pdf)
<use Output/chars_visited_LvCLI.pdf>
Package pdftex.def Info: Output/chars_visited_LvCLI.pdf  used on input line 181
6.
(pdftex.def)             Requested size: 303.53192pt x 202.35461pt.


LaTeX Warning: Reference `targeting_discussion' on page 86 undefined on input l
ine 1819.

[86


 <./Output/chars_visited_LvCLI.pdf>] (./Output/wellbeing_tax.tex)
(./Output/wellbeing_instrtax.tex) (./Output/wellbeing_instrtaxbribe.tex)

LaTeX Warning: Reference `equation_cvl' on page 87 undefined on input line 1841
.


LaTeX Warning: Reference `policy' on page 87 undefined on input line 1841.

[87


] (./Output/views_tax.tex) (./Output/views_bribe.tex)

LaTeX Warning: Reference `equation_cvl' on page 88 undefined on input line 1864
.


LaTeX Warning: Reference `policy' on page 88 undefined on input line 1864.

[88



]
<Output/return_by_day_central_month1-2_bin.pdf, id=1377, 433.62pt x 289.08pt>
File: Output/return_by_day_central_month1-2_bin.pdf Graphic file (type pdf)
<use Output/return_by_day_central_month1-2_bin.pdf>
Package pdftex.def Info: Output/return_by_day_central_month1-2_bin.pdf  used on
 input line 1884.
(pdftex.def)             Requested size: 325.2142pt x 216.80946pt.
<Output/return_by_visits_central_month1-2_bin.pdf, id=1378, 433.62pt x 289.08pt
>
File: Output/return_by_visits_central_month1-2_bin.pdf Graphic file (type pdf)
<use Output/return_by_visits_central_month1-2_bin.pdf>
Package pdftex.def Info: Output/return_by_visits_central_month1-2_bin.pdf  used
 on input line 1886.
(pdftex.def)             Requested size: 325.2142pt x 216.80946pt.


LaTeX Warning: Reference `info_adv' on page 89 undefined on input line 1889.

[89


 <./Output/return_by_day_central_month1-2_bin.pdf> <./Output/return_by_visits_c
entral_month1-2_bin.pdf>]

LaTeX Warning: Reference `persuasion' on page 90 undefined on input line 2035.


(/usr/local/texlive/2019/texmf-dist/tex/generic/pgf/frontendlayer/tikz/librarie
s/tikzlibrarycalc.code.tex
File: tikzlibrarycalc.code.tex 2019/04/04 v3.1.2 (3.1.2)
)

LaTeX Warning: Reference `info_adv' on page 90 undefined on input line 2091.

[90

] [91]
<Output/compliance_over_time_CXL.pdf, id=1417, 433.62pt x 289.08pt>
File: Output/compliance_over_time_CXL.pdf Graphic file (type pdf)
<use Output/compliance_over_time_CXL.pdf>
Package pdftex.def Info: Output/compliance_over_time_CXL.pdf  used on input lin
e 2110.
(pdftex.def)             Requested size: 325.2142pt x 216.80946pt.
 (./Output/centralxlocal_results.tex)

LaTeX Warning: Reference `estimation' on page 92 undefined on input line 2126.

(./Output/CvL_Teamwork_TeamComp_a7.tex) [92

 <./Output/compliance_over_time_CXL.pdf>] (./Output/visits_time_deciles.tex) (.
/Output/demoralization_checks.tex)
(./Output/centralwinfo_exposure.tex)
(./Output/endline_collector_traits_small.tex)
(./Output/collector_amotivation.tex) [93] [94] [95]
<Output/KnowsIndex_C_vs_L_NonCollectorChiefs.pdf, id=1464, 433.62pt x 289.08pt>

File: Output/KnowsIndex_C_vs_L_NonCollectorChiefs.pdf Graphic file (type pdf)
<use Output/KnowsIndex_C_vs_L_NonCollectorChiefs.pdf>
Package pdftex.def Info: Output/KnowsIndex_C_vs_L_NonCollectorChiefs.pdf  used 
on input line 2231.
(pdftex.def)             Requested size: 433.61894pt x 289.07928pt.


LaTeX Warning: Reference `info_adv' on page 96 undefined on input line 2233.


Overfull \hbox (4.7715pt too wide) in paragraph at lines 2229--2234
 [][] 
 []

<Output/time_collection_CvLvCLI.pdf, id=1465, 433.62pt x 289.08pt>
File: Output/time_collection_CvLvCLI.pdf Graphic file (type pdf)
<use Output/time_collection_CvLvCLI.pdf>
Package pdftex.def Info: Output/time_collection_CvLvCLI.pdf  used on input line
 2245.
(pdftex.def)             Requested size: 390.2544pt x 260.16959pt.

LaTeX Warning: Reference `info_adv' on page 96 undefined on input line 2247.

[96

 <./Output/KnowsIndex_C_vs_L_NonCollectorChiefs.pdf>]
<Output/costs_by_treatment.pdf, id=1480, 433.62pt x 289.08pt>
File: Output/costs_by_treatment.pdf Graphic file (type pdf)
<use Output/costs_by_treatment.pdf>
Package pdftex.def Info: Output/costs_by_treatment.pdf  used on input line 2261
.
(pdftex.def)             Requested size: 346.89647pt x 231.2643pt.
<Output/Appdx_PaperFigure_marginal_revenue_hypothetical.pdf, id=1481, 433.62pt 
x 289.08pt>
File: Output/Appdx_PaperFigure_marginal_revenue_hypothetical.pdf Graphic file (
type pdf)
<use Output/Appdx_PaperFigure_marginal_revenue_hypothetical.pdf>
Package pdftex.def Info: Output/Appdx_PaperFigure_marginal_revenue_hypothetical
.pdf  used on input line 2264.
(pdftex.def)             Requested size: 346.89647pt x 231.2643pt.
 [97 <./Output/time_collection_CvLvCLI.pdf>]
<Output/scatter_benefit_cost_dist_center_CvsL.pdf, id=1497, 433.62pt x 289.08pt
>
File: Output/scatter_benefit_cost_dist_center_CvsL.pdf Graphic file (type pdf)
<use Output/scatter_benefit_cost_dist_center_CvsL.pdf>
Package pdftex.def Info: Output/scatter_benefit_cost_dist_center_CvsL.pdf  used
 on input line 2273.
(pdftex.def)             Requested size: 346.89647pt x 231.2643pt.
 [98 <./Output/costs_by_treatment.pdf> <./Output/Appdx_PaperFigure_marginal_rev
enue_hypothetical.pdf>] [99 <./Output/scatter_benefit_cost_dist_center_CvsL.pdf
>] (./Documents/central_v_local_paper_20210810.bbl
LaTeX Font Info:    Font shape `OT1/ptm/bx/n' in size <10.00002> not available
(Font)              Font shape `OT1/ptm/b/n' tried instead on input line 8.

Underfull \hbox (badness 7203) in paragraph at lines 116--119
[][]\OT1/ptm/b/n/10.00002 , Pe-dro Bessone, Gabriel Tourek, and
 []

[100

]
Underfull \hbox (badness 10000) in paragraph at lines 189--192
[]\OT1/ptm/b/n/10.00002 Brockmeyer, Anne, Ale-jan-dro Es-te-fan,
 []


Underfull \hbox (badness 6047) in paragraph at lines 189--192
\OT1/ptm/b/n/10.00002 Ramirez\OT1/ptm/m/n/10.00002 , ``Tax-ing Prop-erty in De-
vel-op-ing
 []


Underfull \hbox (badness 7415) in paragraph at lines 245--249
\OT1/ptm/b/n/10.00002 Lily Med-ina, Jef-frey F Tim-mons, and
 []

[101]
Underfull \hbox (badness 10000) in paragraph at lines 263--266
[]\OT1/ptm/b/n/10.00002 Dunning, Thad, Fe-lipe Mon-estier, Rafael
 []


Underfull \hbox (badness 10000) in paragraph at lines 263--266
\OT1/ptm/b/n/10.00002 Pi[]neiro, Fer-nando Rosen-blatt, and
 []


Underfull \hbox (badness 6493) in paragraph at lines 312--315
[]\OT1/ptm/b/n/10.00002 Glennerster, Rachel, Ed-ward Miguel, and
 []


Underfull \hbox (badness 10000) in paragraph at lines 356--359
\OT1/ptm/b/n/10.00002 jamin Roth\OT1/ptm/m/n/10.00002 , ``Tar-get-ing high abil
-ity en-
 []


Underfull \hbox (badness 10000) in paragraph at lines 356--359
\OT1/ptm/m/n/10.00002 trepreneurs us-ing com-mu-nity in-for-ma-tion:
 []

[102]
Underfull \hbox (badness 10000) in paragraph at lines 384--387
[]\OT1/ptm/b/n/10.00002 Jibao, Samuel S, Wil-son Prichard, and
 []


Underfull \hbox (badness 10000) in paragraph at lines 384--387
\OT1/ptm/b/n/10.00002 Vanessa Van den Boogaard\OT1/ptm/m/n/10.00002 , ``In-for-
mal
 []


Underfull \hbox (badness 6510) in paragraph at lines 438--440
[]\OT1/ptm/b/n/10.00002 Luttmer, Erzo and Mon-ica Sing-hal\OT1/ptm/m/n/10.00002
 , ``Tax
 []

[103]
LaTeX Font Info:    Try loading font information for OT1+lmtt on input line 591
.
 (/usr/local/texlive/2019/texmf-dist/tex/latex/lm/ot1lmtt.fd
File: ot1lmtt.fd 2009/10/30 v1.6 Font defs for Latin Modern
)
LaTeX Font Info:    Calculating math sizes for size <10.00002> on input line 59
1.


LaTeX Font Warning: Font shape `OML/cmm/m/it' in size <7.40005> not available
(Font)              size <7> substituted on input line 591.


LaTeX Font Warning: Font shape `OMS/cmsy/m/n' in size <7.40005> not available
(Font)              size <7> substituted on input line 591.

LaTeX Font Info:    Font shape `OT1/ptm/bx/n' in size <7.40005> not available
(Font)              Font shape `OT1/ptm/b/n' tried instead on input line 591.
LaTeX Font Info:    Font shape `OT1/ptm/bx/n' in size <6.00006> not available
(Font)              Font shape `OT1/ptm/b/n' tried instead on input line 591.

Underfull \hbox (badness 10000) in paragraph at lines 590--594
\OT1/ptm/m/n/10.00002 affected Sit-u-a-tions,'' [][]$\OT1/lmtt/m/n/10.00002 htt
p : / / pubdocs .
 []


Underfull \hbox (badness 10000) in paragraph at lines 590--594
\OT1/lmtt/m/n/10.00002 worldbank . org / en / 888211594267968803 /
 []

[104])
\tf@ptc=\write6
\openout6 = `output.ptc'.

Package atveryend Info: Empty hook `BeforeClearDocument' on input line 2304.
Package atveryend Info: Empty hook `AfterLastShipout' on input line 2304.
 (./output.aux)
Package atveryend Info: Executing hook `AtVeryEndDocument' on input line 2304.
Package atveryend Info: Executing hook `AtEndAfterFileList' on input line 2304.

Package rerunfilecheck Info: File `output.out' has not changed.
(rerunfilecheck)             Checksum: 8561D44B5238048D8F16B5304BF77137;7445.


LaTeX Font Warning: Size substitutions with differences
(Font)              up to 0.40005pt have occurred.


LaTeX Warning: There were undefined references.


LaTeX Warning: There were multiply-defined labels.

 ) 
Here is how much of TeX's memory you used:
 38698 strings out of 492616
 861093 string characters out of 6129482
 1187552 words of memory out of 5000000
 41119 multiletter control sequences out of 15000+600000
 93934 words of font info for 133 fonts, out of 8000000 for 9000
 1141 hyphenation exceptions out of 8191
 62i,14n,103p,2558b,2219s stack positions out of 5000i,500n,10000p,200000b,80000s
{/usr/local/texlive/2019/texmf-dist/fonts/enc/dvips/lm/lm-rmtt.enc}{/usr/loca
l/texlive/2019/texmf-dist/fonts/enc/dvips/lm/lm-rm.enc}{/usr/local/texlive/2019
/texmf-dist/fonts/enc/dvips/base/8r.enc}</usr/local/texlive/2019/texmf-dist/fon
ts/type1/public/amsfonts/cm/cmmi12.pfb></usr/local/texlive/2019/texmf-dist/font
s/type1/public/amsfonts/cm/cmmi6.pfb></usr/local/texlive/2019/texmf-dist/fonts/
type1/public/amsfonts/cm/cmmi7.pfb></usr/local/texlive/2019/texmf-dist/fonts/ty
pe1/public/amsfonts/cm/cmmi8.pfb></usr/local/texlive/2019/texmf-dist/fonts/type
1/public/amsfonts/cm/cmmi9.pfb></usr/local/texlive/2019/texmf-dist/fonts/type1/
public/amsfonts/cm/cmr10.pfb></usr/local/texlive/2019/texmf-dist/fonts/type1/pu
blic/amsfonts/cm/cmsy10.pfb></usr/local/texlive/2019/texmf-dist/fonts/type1/pub
lic/amsfonts/cm/cmsy5.pfb></usr/local/texlive/2019/texmf-dist/fonts/type1/publi
c/amsfonts/cm/cmsy6.pfb></usr/local/texlive/2019/texmf-dist/fonts/type1/public/
amsfonts/cm/cmsy7.pfb></usr/local/texlive/2019/texmf-dist/fonts/type1/public/am
sfonts/cm/cmsy8.pfb></usr/local/texlive/2019/texmf-dist/fonts/type1/public/amsf
onts/cm/cmsy9.pfb></usr/local/texlive/2019/texmf-dist/fonts/type1/public/mathpa
zo/fplmr.pfb></usr/local/texlive/2019/texmf-dist/fonts/type1/public/lm/lmr12.pf
b></usr/local/texlive/2019/texmf-dist/fonts/type1/public/lm/lmr5.pfb></usr/loca
l/texlive/2019/texmf-dist/fonts/type1/public/lm/lmr7.pfb></usr/local/texlive/20
19/texmf-dist/fonts/type1/public/lm/lmr8.pfb></usr/local/texlive/2019/texmf-dis
t/fonts/type1/public/lm/lmr9.pfb></usr/local/texlive/2019/texmf-dist/fonts/type
1/public/lm/lmtt10.pfb></usr/local/texlive/2019/texmf-dist/fonts/type1/urw/pala
tino/uplr8a.pfb></usr/local/texlive/2019/texmf-dist/fonts/type1/urw/times/utmb8
a.pfb></usr/local/texlive/2019/texmf-dist/fonts/type1/urw/times/utmr8a.pfb></us
r/local/texlive/2019/texmf-dist/fonts/type1/urw/times/utmri8a.pfb>
Output written on output.pdf (105 pages, 11102000 bytes).
PDF statistics:
 1832 PDF objects out of 2073 (max. 8388607)
 1379 compressed objects within 14 object streams
 371 named destinations out of 1000 (max. 500000)
 503 words of extra memory for PDF output out of 10000 (max. 10000000)

