-------------------------------------------------------------------------------------------
      name:  <unnamed>
       log:  /Users/sossousimpliceadjisse/Documents/myfiles/PaulMoussaReplicationProject/14
> 7561-V1/Replication Materials/Output/results.log
  log type:  text
 opened on:   4 Jul 2023, 09:45:23

. tab age_gap_ado

age_gap_ado |      Freq.     Percent        Cum.
------------+-----------------------------------
         -9 |          1        0.05        0.05
         -8 |          1        0.05        0.10
         -7 |          6        0.29        0.38
         -6 |          8        0.38        0.77
         -5 |          9        0.43        1.20
         -4 |          9        0.43        1.63
         -3 |         13        0.62        2.25
         -2 |         31        1.49        3.74
         -1 |         17        0.82        4.56
          0 |         99        4.75        9.30
          1 |         76        3.65       12.95
          2 |        119        5.71       18.66
          3 |        724       34.72       53.38
          4 |        355       17.03       70.41
          5 |        238       11.41       81.82
          6 |        142        6.81       88.63
          7 |        101        4.84       93.48
          8 |         48        2.30       95.78
          9 |         20        0.96       96.74
         10 |         22        1.06       97.79
         11 |         17        0.82       98.61
         12 |          9        0.43       99.04
         13 |          9        0.43       99.47
         14 |          4        0.19       99.66
         15 |          5        0.24       99.90
         16 |          2        0.10      100.00
------------+-----------------------------------
      Total |      2,085      100.00

. log close 
      name:  <unnamed>
       log:  /Users/sossousimpliceadjisse/Documents/myfiles/PaulMoussaReplicationProject/14
> 7561-V1/Replication Materials/Output/results.log
  log type:  text
 closed on:   4 Jul 2023, 09:45:23
-------------------------------------------------------------------------------------------
